Using pre-set license
Built from '2020.2/staging' branch; Version is '2020.2.7f1 (c53830e277f1) revision 12924976'; Using compiler version '192528614'; Build Type 'Release'
OS: 'Windows 10 Home; OS build 19045.3086; Version 2009; 64bit' Language: 'en' Physical Memory: 8030 MB
BatchMode: 1, IsHumanControllingUs: 0, StartBugReporterOnCrash: 0, Is64bit: 1, IsPro: 0

 COMMAND LINE ARGUMENTS:
C:\Program Files\Unity\Editor\Unity.exe
-adb2
-batchMode
-noUpm
-name
AssetImportWorker0
-projectPath
D:/project/unity/tilevania
-logFile
Logs/AssetImportWorker0.log
-srvPort
1049
Successfully changed project path to: D:/project/unity/tilevania
D:/project/unity/tilevania
Using Asset Import Pipeline V2.
Refreshing native plugins compatible for Editor in 36.90 ms, found 1 plugins.
Preloading 0 native plugins for Editor in 0.00 ms.
Initialize engine version: 2020.2.7f1 (c53830e277f1)
[Subsystems] Discovering subsystems at path C:/Program Files/Unity/Editor/Data/Resources/UnitySubsystems
[Subsystems] Discovering subsystems at path D:/project/unity/tilevania/Assets
GfxDevice: creating device client; threaded=0
Direct3D:
    Version:  Direct3D 11.0 [level 11.1]
    Renderer: NVIDIA GeForce GTX 1660 Ti (ID=0x2191)
    Vendor:   
    VRAM:     5991 MB
    Driver:   31.0.15.1640
Initialize mono
Mono path[0] = 'C:/Program Files/Unity/Editor/Data/Managed'
Mono path[1] = 'C:/Program Files/Unity/Editor/Data/MonoBleedingEdge/lib/mono/unityjit'
Mono config path = 'C:/Program Files/Unity/Editor/Data/MonoBleedingEdge/etc'
Using monoOptions --debugger-agent=transport=dt_socket,embedding=1,server=y,suspend=n,address=127.0.0.1:56520
Begin MonoManager ReloadAssembly
Registering precompiled unity dll's ...
Register platform support module: C:/Program Files/Unity/Editor/Data/PlaybackEngines/WindowsStandaloneSupport/UnityEditor.WindowsStandalone.Extensions.dll
Registered in 0.001940 seconds.
Native extension for WindowsStandalone target not found
Refreshing native plugins compatible for Editor in 36.86 ms, found 1 plugins.
Preloading 0 native plugins for Editor in 0.00 ms.
Invoked RoslynAnalysisRunner static constructor.
RoslynAnalysisRunner will not be running.
RoslynAnalysisRunner has terminated.
Mono: successfully reloaded assembly
- Completed reload, in  0.944 seconds
Platform modules already initialized, skipping
Registering precompiled user dll's ...
Registered in 0.000795 seconds.
Begin MonoManager ReloadAssembly
Native extension for WindowsStandalone target not found
Refreshing native plugins compatible for Editor in 42.09 ms, found 1 plugins.
Preloading 0 native plugins for Editor in 0.00 ms.
Invoked RoslynAnalysisRunner static constructor.
RoslynAnalysisRunner will not be running.
RoslynAnalysisRunner has terminated.
Mono: successfully reloaded assembly
- Completed reload, in  0.912 seconds
Platform modules already initialized, skipping
========================================================================
Worker process is ready to serve import requests
Launched and connected shader compiler UnityShaderCompiler.exe after 0.04 seconds
Refreshing native plugins compatible for Editor in 0.39 ms, found 1 plugins.
Preloading 0 native plugins for Editor in 0.00 ms.
Unloading 2279 Unused Serialized files (Serialized files now loaded: 0)
System memory in use before: 101.3 MB.
System memory in use after: 101.4 MB.

Unloading 27 unused Assets to reduce memory usage. Loaded Objects now: 2722.
Total: 2.366800 ms (FindLiveObjects: 0.356700 ms CreateObjectMapping: 0.157800 ms MarkObjects: 1.746700 ms  DeleteObjects: 0.104600 ms)

========================================================================
Received Import Request.
  path: Assets/sprite/Exit Pixelated.png
  artifactKey: Guid(f0203bab8f331cb4e92d53582cafbad5) Importer(815301076,1909f56bfc062723c751e8b465ee728b)
Start importing Assets/sprite/Exit Pixelated.png using Guid(f0203bab8f331cb4e92d53582cafbad5) Importer(815301076,1909f56bfc062723c751e8b465ee728b)  -> (artifact id: 'e2bc0658606e4dd1a391a81552724669') in 0.108197 seconds
  Import took 0.147959 seconds .

========================================================================
Received Import Request.
  Time since last request: 18.008910 seconds.
  path: Assets/sprite/Exit Pixelated.asset
  artifactKey: Guid(5bc4f1d6cc16c28448ee949ab709c730) Importer(815301076,1909f56bfc062723c751e8b465ee728b)
Start importing Assets/sprite/Exit Pixelated.asset using Guid(5bc4f1d6cc16c28448ee949ab709c730) Importer(815301076,1909f56bfc062723c751e8b465ee728b)  -> (artifact id: '6b4008dd9012c43c666e68b4a54a4b72') in 0.018951 seconds
  Import took 0.050847 seconds .

========================================================================
Received Import Request.
  Time since last request: 23.341538 seconds.
  path: Assets/sprite/Exit Pixelated.png
  artifactKey: Guid(f0203bab8f331cb4e92d53582cafbad5) Importer(815301076,1909f56bfc062723c751e8b465ee728b)
Start importing Assets/sprite/Exit Pixelated.png using Guid(f0203bab8f331cb4e92d53582cafbad5) Importer(815301076,1909f56bfc062723c751e8b465ee728b)  -> (artifact id: '26f2e773ecc9d407ea91e0bec1f4b8dd') in 0.010259 seconds
  Import took 0.040207 seconds .

========================================================================
Received Import Request.
  Time since last request: 0.085939 seconds.
  path: Assets/sprite/Exit Pixelated.png
  artifactKey: Guid(f0203bab8f331cb4e92d53582cafbad5) Importer(815301076,1909f56bfc062723c751e8b465ee728b)
Start importing Assets/sprite/Exit Pixelated.png using Guid(f0203bab8f331cb4e92d53582cafbad5) Importer(815301076,1909f56bfc062723c751e8b465ee728b)  -> (artifact id: '26f2e773ecc9d407ea91e0bec1f4b8dd') in 0.006590 seconds
  Import took 0.010112 seconds .

========================================================================
Received Import Request.
  Time since last request: 214.632619 seconds.
  path: Assets/sprite/Exit Pixelated.png
  artifactKey: Guid(f0203bab8f331cb4e92d53582cafbad5) Importer(815301076,1909f56bfc062723c751e8b465ee728b)
Start importing Assets/sprite/Exit Pixelated.png using Guid(f0203bab8f331cb4e92d53582cafbad5) Importer(815301076,1909f56bfc062723c751e8b465ee728b)  -> (artifact id: 'c11186b6722368a588b192727ba3926b') in 0.016962 seconds
  Import took 0.044213 seconds .

========================================================================
Received Import Request.
  Time since last request: 0.085834 seconds.
  path: Assets/sprite/Exit Pixelated.png
  artifactKey: Guid(f0203bab8f331cb4e92d53582cafbad5) Importer(815301076,1909f56bfc062723c751e8b465ee728b)
Start importing Assets/sprite/Exit Pixelated.png using Guid(f0203bab8f331cb4e92d53582cafbad5) Importer(815301076,1909f56bfc062723c751e8b465ee728b)  -> (artifact id: 'c11186b6722368a588b192727ba3926b') in 0.013934 seconds
  Import took 0.018089 seconds .

========================================================================
Received Import Request.
  Time since last request: 19.364858 seconds.
  path: Assets/sprite/SPA_Ladder.png
  artifactKey: Guid(b0e50de29aba9fb44adfb26a157dad5c) Importer(815301076,1909f56bfc062723c751e8b465ee728b)
Start importing Assets/sprite/SPA_Ladder.png using Guid(b0e50de29aba9fb44adfb26a157dad5c) Importer(815301076,1909f56bfc062723c751e8b465ee728b)  -> (artifact id: 'a19e4bcc1dbda4a9566338a2645942bd') in 0.033319 seconds
  Import took 0.084571 seconds .

========================================================================
Received Import Request.
  Time since last request: 0.040334 seconds.
  path: Assets/sprite/SPA_Ladder.png
  artifactKey: Guid(b0e50de29aba9fb44adfb26a157dad5c) Importer(815301076,1909f56bfc062723c751e8b465ee728b)
Start importing Assets/sprite/SPA_Ladder.png using Guid(b0e50de29aba9fb44adfb26a157dad5c) Importer(815301076,1909f56bfc062723c751e8b465ee728b)  -> (artifact id: 'a19e4bcc1dbda4a9566338a2645942bd') in 0.005174 seconds
  Import took 0.009048 seconds .

========================================================================
Received Import Request.
  Time since last request: 6.150043 seconds.
  path: Assets/sprite/SPA_Ladder.png
  artifactKey: Guid(b0e50de29aba9fb44adfb26a157dad5c) Importer(815301076,1909f56bfc062723c751e8b465ee728b)
Start importing Assets/sprite/SPA_Ladder.png using Guid(b0e50de29aba9fb44adfb26a157dad5c) Importer(815301076,1909f56bfc062723c751e8b465ee728b)  -> (artifact id: '60b7749efa7b1c1535c5e69586bb696c') in 0.008479 seconds
  Import took 0.024478 seconds .

========================================================================
Received Import Request.
  Time since last request: 0.101092 seconds.
  path: Assets/sprite/SPA_Ladder.png
  artifactKey: Guid(b0e50de29aba9fb44adfb26a157dad5c) Importer(815301076,1909f56bfc062723c751e8b465ee728b)
Start importing Assets/sprite/SPA_Ladder.png using Guid(b0e50de29aba9fb44adfb26a157dad5c) Importer(815301076,1909f56bfc062723c751e8b465ee728b)  -> (artifact id: '60b7749efa7b1c1535c5e69586bb696c') in 0.005313 seconds
  Import took 0.008615 seconds .

AssetImportWorkerClient::OnTransportError - code=2 error=End of file
