Using pre-set license
Built from '2020.2/staging' branch; Version is '2020.2.7f1 (c53830e277f1) revision 12924976'; Using compiler version '192528614'; Build Type 'Release'
OS: 'Windows 10 Home; OS build 19045.3086; Version 2009; 64bit' Language: 'en' Physical Memory: 8030 MB
BatchMode: 1, IsHumanControllingUs: 0, StartBugReporterOnCrash: 0, Is64bit: 1, IsPro: 0

 COMMAND LINE ARGUMENTS:
C:\Program Files\Unity\Editor\Unity.exe
-adb2
-batchMode
-noUpm
-name
AssetImportWorker0
-projectPath
D:/project/unity/tilevania
-logFile
Logs/AssetImportWorker0.log
-srvPort
1030
Successfully changed project path to: D:/project/unity/tilevania
D:/project/unity/tilevania
Using Asset Import Pipeline V2.
Refreshing native plugins compatible for Editor in 39.57 ms, found 1 plugins.
Preloading 0 native plugins for Editor in 0.00 ms.
Initialize engine version: 2020.2.7f1 (c53830e277f1)
[Subsystems] Discovering subsystems at path C:/Program Files/Unity/Editor/Data/Resources/UnitySubsystems
[Subsystems] Discovering subsystems at path D:/project/unity/tilevania/Assets
GfxDevice: creating device client; threaded=0
Direct3D:
    Version:  Direct3D 11.0 [level 11.1]
    Renderer: NVIDIA GeForce GTX 1660 Ti (ID=0x2191)
    Vendor:   
    VRAM:     5991 MB
    Driver:   31.0.15.1640
Initialize mono
Mono path[0] = 'C:/Program Files/Unity/Editor/Data/Managed'
Mono path[1] = 'C:/Program Files/Unity/Editor/Data/MonoBleedingEdge/lib/mono/unityjit'
Mono config path = 'C:/Program Files/Unity/Editor/Data/MonoBleedingEdge/etc'
Using monoOptions --debugger-agent=transport=dt_socket,embedding=1,server=y,suspend=n,address=127.0.0.1:56792
Begin MonoManager ReloadAssembly
Registering precompiled unity dll's ...
Register platform support module: C:/Program Files/Unity/Editor/Data/PlaybackEngines/WindowsStandaloneSupport/UnityEditor.WindowsStandalone.Extensions.dll
Registered in 0.002005 seconds.
Native extension for WindowsStandalone target not found
Refreshing native plugins compatible for Editor in 38.08 ms, found 1 plugins.
Preloading 0 native plugins for Editor in 0.00 ms.
Invoked RoslynAnalysisRunner static constructor.
RoslynAnalysisRunner will not be running.
RoslynAnalysisRunner has terminated.
Mono: successfully reloaded assembly
- Completed reload, in  0.963 seconds
Platform modules already initialized, skipping
Registering precompiled user dll's ...
Registered in 0.000668 seconds.
Begin MonoManager ReloadAssembly
Native extension for WindowsStandalone target not found
Refreshing native plugins compatible for Editor in 40.35 ms, found 1 plugins.
Preloading 0 native plugins for Editor in 0.00 ms.
Invoked RoslynAnalysisRunner static constructor.
RoslynAnalysisRunner will not be running.
RoslynAnalysisRunner has terminated.
Mono: successfully reloaded assembly
- Completed reload, in  0.880 seconds
Platform modules already initialized, skipping
========================================================================
Worker process is ready to serve import requests
Launched and connected shader compiler UnityShaderCompiler.exe after 0.04 seconds
Refreshing native plugins compatible for Editor in 0.48 ms, found 1 plugins.
Preloading 0 native plugins for Editor in 0.00 ms.
Unloading 2279 Unused Serialized files (Serialized files now loaded: 0)
System memory in use before: 101.3 MB.
System memory in use after: 101.4 MB.

Unloading 27 unused Assets to reduce memory usage. Loaded Objects now: 2722.
Total: 2.930900 ms (FindLiveObjects: 0.611100 ms CreateObjectMapping: 0.221700 ms MarkObjects: 1.956000 ms  DeleteObjects: 0.140300 ms)

========================================================================
Received Import Request.
  path: Assets/tile/rule tile palette.prefab
  artifactKey: Guid(5d7a248485fee6a48b846a7e242c21f0) Importer(815301076,1909f56bfc062723c751e8b465ee728b)
Start importing Assets/tile/rule tile palette.prefab using Guid(5d7a248485fee6a48b846a7e242c21f0) Importer(815301076,1909f56bfc062723c751e8b465ee728b)  -> (artifact id: '288e9dbcb572a92e7bcfc1fda0c5e014') in 0.057811 seconds
  Import took 0.099690 seconds .

========================================================================
Received Import Request.
  Time since last request: 2.601138 seconds.
  path: Assets/tile/rule tile palette.prefab
  artifactKey: Guid(5d7a248485fee6a48b846a7e242c21f0) Importer(815301076,1909f56bfc062723c751e8b465ee728b)
Start importing Assets/tile/rule tile palette.prefab using Guid(5d7a248485fee6a48b846a7e242c21f0) Importer(815301076,1909f56bfc062723c751e8b465ee728b)  -> (artifact id: 'c5892a8d2e3f4f80f57c302a4e690fc5') in 0.003140 seconds
  Import took 0.016763 seconds .

========================================================================
Received Import Request.
  Time since last request: 28.710491 seconds.
  path: Assets/tile/rule tile palette.prefab
  artifactKey: Guid(5d7a248485fee6a48b846a7e242c21f0) Importer(815301076,1909f56bfc062723c751e8b465ee728b)
Start importing Assets/tile/rule tile palette.prefab using Guid(5d7a248485fee6a48b846a7e242c21f0) Importer(815301076,1909f56bfc062723c751e8b465ee728b)  -> (artifact id: '03519e750e874a3643f2be9c951cf210') in 0.002862 seconds
  Import took 0.018897 seconds .

========================================================================
Received Import Request.
  Time since last request: 0.035041 seconds.
  path: Assets/tile/rule tile palette.prefab
  artifactKey: Guid(5d7a248485fee6a48b846a7e242c21f0) Importer(815301076,1909f56bfc062723c751e8b465ee728b)
Start importing Assets/tile/rule tile palette.prefab using Guid(5d7a248485fee6a48b846a7e242c21f0) Importer(815301076,1909f56bfc062723c751e8b465ee728b)  -> (artifact id: '03519e750e874a3643f2be9c951cf210') in 0.003154 seconds
  Import took 0.006524 seconds .

========================================================================
Received Import Request.
  Time since last request: 2.221437 seconds.
  path: Assets/tile/rule tile palette.prefab
  artifactKey: Guid(5d7a248485fee6a48b846a7e242c21f0) Importer(815301076,1909f56bfc062723c751e8b465ee728b)
Start importing Assets/tile/rule tile palette.prefab using Guid(5d7a248485fee6a48b846a7e242c21f0) Importer(815301076,1909f56bfc062723c751e8b465ee728b)  -> (artifact id: '7bc88802d6fffc79405f006ada92e99d') in 0.003150 seconds
  Import took 0.010143 seconds .

========================================================================
Received Import Request.
  Time since last request: 0.040348 seconds.
  path: Assets/tile/rule tile palette.prefab
  artifactKey: Guid(5d7a248485fee6a48b846a7e242c21f0) Importer(815301076,1909f56bfc062723c751e8b465ee728b)
Start importing Assets/tile/rule tile palette.prefab using Guid(5d7a248485fee6a48b846a7e242c21f0) Importer(815301076,1909f56bfc062723c751e8b465ee728b)  -> (artifact id: '7bc88802d6fffc79405f006ada92e99d') in 0.003049 seconds
  Import took 0.006236 seconds .

========================================================================
Received Import Request.
  Time since last request: 26.627702 seconds.
  path: Assets/tile/rule tile palette.prefab
  artifactKey: Guid(5d7a248485fee6a48b846a7e242c21f0) Importer(815301076,1909f56bfc062723c751e8b465ee728b)
Start importing Assets/tile/rule tile palette.prefab using Guid(5d7a248485fee6a48b846a7e242c21f0) Importer(815301076,1909f56bfc062723c751e8b465ee728b)  -> (artifact id: 'bb8bbd67c5ac6b4abbd98f4768d90b9a') in 0.002950 seconds
  Import took 0.006209 seconds .

========================================================================
Received Import Request.
  Time since last request: 115.717057 seconds.
  path: Assets/sprite/Exit Pixelated.png
  artifactKey: Guid(f0203bab8f331cb4e92d53582cafbad5) Importer(815301076,1909f56bfc062723c751e8b465ee728b)
Start importing Assets/sprite/Exit Pixelated.png using Guid(f0203bab8f331cb4e92d53582cafbad5) Importer(815301076,1909f56bfc062723c751e8b465ee728b)  -> (artifact id: '2b82b7fa76f7cb8f533ff00adf485fc9') in 0.092449 seconds
  Import took 0.118326 seconds .

========================================================================
Received Import Request.
  Time since last request: 0.028576 seconds.
  path: Assets/sprite/Exit Pixelated.png
  artifactKey: Guid(f0203bab8f331cb4e92d53582cafbad5) Importer(815301076,1909f56bfc062723c751e8b465ee728b)
Start importing Assets/sprite/Exit Pixelated.png using Guid(f0203bab8f331cb4e92d53582cafbad5) Importer(815301076,1909f56bfc062723c751e8b465ee728b)  -> (artifact id: '2b82b7fa76f7cb8f533ff00adf485fc9') in 0.040685 seconds
  Import took 0.044048 seconds .

========================================================================
Received Import Request.
  Time since last request: 38.617933 seconds.
  path: ProjectSettings/TagManager.asset
  artifactKey: Guid(00000000000000003000000000000000) Importer(815301076,1909f56bfc062723c751e8b465ee728b)
Start importing ProjectSettings/TagManager.asset using Guid(00000000000000003000000000000000) Importer(815301076,1909f56bfc062723c751e8b465ee728b)  -> (artifact id: '684669d822e863820b9639f798699598') in 0.008743 seconds
  Import took 0.033155 seconds .

========================================================================
Received Import Request.
  Time since last request: 275.934541 seconds.
  path: Assets/tile/rule tile palette.prefab
  artifactKey: Guid(5d7a248485fee6a48b846a7e242c21f0) Importer(815301076,1909f56bfc062723c751e8b465ee728b)
Start importing Assets/tile/rule tile palette.prefab using Guid(5d7a248485fee6a48b846a7e242c21f0) Importer(815301076,1909f56bfc062723c751e8b465ee728b)  -> (artifact id: 'fa08d1fdc9778b5c4b90740c1cd90c34') in 0.008517 seconds
  Import took 0.341035 seconds .

========================================================================
Received Import Request.
  Time since last request: 12.882300 seconds.
  path: Assets/Scenes/SampleScene.unity
  artifactKey: Guid(2cda990e2423bbf4892e6590ba056729) Importer(815301076,1909f56bfc062723c751e8b465ee728b)
Start importing Assets/Scenes/SampleScene.unity using Guid(2cda990e2423bbf4892e6590ba056729) Importer(815301076,1909f56bfc062723c751e8b465ee728b)  -> (artifact id: 'b4af529121eb189a51b89c9c3391ca04') in 0.006666 seconds
  Import took 0.118228 seconds .

========================================================================
Received Import Request.
  Time since last request: 34.725931 seconds.
  path: Assets/Scenes/SampleScene 1.unity
  artifactKey: Guid(3af25a0a09ae39f4c967fe49d0b23ca5) Importer(815301076,1909f56bfc062723c751e8b465ee728b)
Start importing Assets/Scenes/SampleScene 1.unity using Guid(3af25a0a09ae39f4c967fe49d0b23ca5) Importer(815301076,1909f56bfc062723c751e8b465ee728b)  -> (artifact id: '7d236d8fa317e27a8e6c587cf76dc974') in 0.006992 seconds
  Import took 0.025537 seconds .

========================================================================
Received Import Request.
  Time since last request: 0.232996 seconds.
  path: Assets/Scenes/SampleScene 3.unity
  artifactKey: Guid(d2b405317dcbafa4abc2644493a58d86) Importer(815301076,1909f56bfc062723c751e8b465ee728b)
Start importing Assets/Scenes/SampleScene 3.unity using Guid(d2b405317dcbafa4abc2644493a58d86) Importer(815301076,1909f56bfc062723c751e8b465ee728b)  -> (artifact id: '5494a86f84dca55daece310ee9b482c7') in 0.006493 seconds
  Import took 0.026851 seconds .

========================================================================
Received Import Request.
  Time since last request: 0.234278 seconds.
  path: Assets/Scenes/SampleScene 5.unity
  artifactKey: Guid(f3273c13dc220024db7267ff5d1201e6) Importer(815301076,1909f56bfc062723c751e8b465ee728b)
Start importing Assets/Scenes/SampleScene 5.unity using Guid(f3273c13dc220024db7267ff5d1201e6) Importer(815301076,1909f56bfc062723c751e8b465ee728b)  -> (artifact id: 'fd5d78c28c6009fa7ab73985491423d5') in 0.006395 seconds
  Import took 0.018161 seconds .

========================================================================
Received Import Request.
  Time since last request: 0.274458 seconds.
  path: Assets/Scenes/SampleScene 7.unity
  artifactKey: Guid(402a54652053fca4fbc32b33f078a751) Importer(815301076,1909f56bfc062723c751e8b465ee728b)
Start importing Assets/Scenes/SampleScene 7.unity using Guid(402a54652053fca4fbc32b33f078a751) Importer(815301076,1909f56bfc062723c751e8b465ee728b)  -> (artifact id: '249cdc94048715b7bc5d3dadb67c12ad') in 0.006431 seconds
  Import took 0.030531 seconds .

========================================================================
Received Import Request.
  Time since last request: 32.135650 seconds.
  path: Assets/Scenes/Level 1.unity
  artifactKey: Guid(3af25a0a09ae39f4c967fe49d0b23ca5) Importer(815301076,1909f56bfc062723c751e8b465ee728b)
Start importing Assets/Scenes/Level 1.unity using Guid(3af25a0a09ae39f4c967fe49d0b23ca5) Importer(815301076,1909f56bfc062723c751e8b465ee728b)  -> (artifact id: '9a462e47855e595ae860ab511f6ab04a') in 0.006467 seconds
  Import took 0.037741 seconds .

========================================================================
Received Import Request.
  Time since last request: 0.644244 seconds.
  path: Assets/Scenes/SampleScene 2.unity
  artifactKey: Guid(4f01f5ba022338e4c891e9fc20f4c800) Importer(815301076,1909f56bfc062723c751e8b465ee728b)
Start importing Assets/Scenes/SampleScene 2.unity using Guid(4f01f5ba022338e4c891e9fc20f4c800) Importer(815301076,1909f56bfc062723c751e8b465ee728b)  -> (artifact id: '3f3b5d8d816953a5226b09599a63ab91') in 0.009241 seconds
  Import took 0.012673 seconds .

========================================================================
Received Import Request.
  Time since last request: 8.738552 seconds.
  path: Assets/Scenes/Level 2.unity
  artifactKey: Guid(4f01f5ba022338e4c891e9fc20f4c800) Importer(815301076,1909f56bfc062723c751e8b465ee728b)
Start importing Assets/Scenes/Level 2.unity using Guid(4f01f5ba022338e4c891e9fc20f4c800) Importer(815301076,1909f56bfc062723c751e8b465ee728b)  -> (artifact id: 'deddd055917df9ae9ef6cd0a5c56b4eb') in 0.006524 seconds
  Import took 0.018351 seconds .

========================================================================
Received Import Request.
  Time since last request: 10.154184 seconds.
  path: Assets/Scenes/Level 3.unity
  artifactKey: Guid(d2b405317dcbafa4abc2644493a58d86) Importer(815301076,1909f56bfc062723c751e8b465ee728b)
Start importing Assets/Scenes/Level 3.unity using Guid(d2b405317dcbafa4abc2644493a58d86) Importer(815301076,1909f56bfc062723c751e8b465ee728b)  -> (artifact id: '9399adfbda5554e5db2fe394a5dfd8ed') in 0.008170 seconds
  Import took 0.011236 seconds .

========================================================================
Received Import Request.
  Time since last request: 12.266602 seconds.
  path: Assets/Scenes/SampleScene.unity
  artifactKey: Guid(2cda990e2423bbf4892e6590ba056729) Importer(815301076,1909f56bfc062723c751e8b465ee728b)
Start importing Assets/Scenes/SampleScene.unity using Guid(2cda990e2423bbf4892e6590ba056729) Importer(815301076,1909f56bfc062723c751e8b465ee728b)  -> (artifact id: '667118196fd0ab6b615aea59f1909050') in 0.001931 seconds
  Import took 0.109000 seconds .

========================================================================
Received Import Request.
  Time since last request: 1067.429992 seconds.
  path: Assets/Scenes/Level 2.unity
  artifactKey: Guid(4f01f5ba022338e4c891e9fc20f4c800) Importer(815301076,1909f56bfc062723c751e8b465ee728b)
Start importing Assets/Scenes/Level 2.unity using Guid(4f01f5ba022338e4c891e9fc20f4c800) Importer(815301076,1909f56bfc062723c751e8b465ee728b)  -> (artifact id: '8f00aa3454509828674e025363ce7196') in 0.002072 seconds
  Import took 0.101807 seconds .

========================================================================
Received Import Request.
  Time since last request: 21.752670 seconds.
  path: ProjectSettings/TagManager.asset
  artifactKey: Guid(00000000000000003000000000000000) Importer(815301076,1909f56bfc062723c751e8b465ee728b)
Start importing ProjectSettings/TagManager.asset using Guid(00000000000000003000000000000000) Importer(815301076,1909f56bfc062723c751e8b465ee728b)  -> (artifact id: 'b847bef7095e37ca9765a42996667110') in 0.002150 seconds
  Import took 0.115274 seconds .

========================================================================
Received Prepare
Registering precompiled user dll's ...
Registered in 0.000756 seconds.
Begin MonoManager ReloadAssembly
Native extension for WindowsStandalone target not found
Refreshing native plugins compatible for Editor in 0.38 ms, found 1 plugins.
Preloading 0 native plugins for Editor in 0.00 ms.
Invoked RoslynAnalysisRunner static constructor.
RoslynAnalysisRunner will not be running.
RoslynAnalysisRunner has terminated.
Mono: successfully reloaded assembly
- Completed reload, in  0.824 seconds
Platform modules already initialized, skipping
Refreshing native plugins compatible for Editor in 0.41 ms, found 1 plugins.
Preloading 0 native plugins for Editor in 0.00 ms.
Unloading 2271 Unused Serialized files (Serialized files now loaded: 0)
System memory in use before: 104.3 MB.
System memory in use after: 104.4 MB.

Unloading 15 unused Assets to reduce memory usage. Loaded Objects now: 2731.
Total: 2.142800 ms (FindLiveObjects: 0.364100 ms CreateObjectMapping: 0.120300 ms MarkObjects: 1.570900 ms  DeleteObjects: 0.086000 ms)

========================================================================
Received Prepare
Registering precompiled user dll's ...
Registered in 0.000623 seconds.
Begin MonoManager ReloadAssembly
Native extension for WindowsStandalone target not found
Refreshing native plugins compatible for Editor in 0.40 ms, found 1 plugins.
Preloading 0 native plugins for Editor in 0.00 ms.
Invoked RoslynAnalysisRunner static constructor.
RoslynAnalysisRunner will not be running.
RoslynAnalysisRunner has terminated.
Mono: successfully reloaded assembly
- Completed reload, in  0.822 seconds
Platform modules already initialized, skipping
Refreshing native plugins compatible for Editor in 0.44 ms, found 1 plugins.
Preloading 0 native plugins for Editor in 0.00 ms.
Unloading 2271 Unused Serialized files (Serialized files now loaded: 0)
System memory in use before: 104.3 MB.
System memory in use after: 104.4 MB.

Unloading 13 unused Assets to reduce memory usage. Loaded Objects now: 2734.
Total: 3.583900 ms (FindLiveObjects: 0.556100 ms CreateObjectMapping: 0.296600 ms MarkObjects: 2.604100 ms  DeleteObjects: 0.125300 ms)

========================================================================
Received Import Request.
  Time since last request: 2277.817911 seconds.
  path: Assets/Scripts/ScenesManage.cs
  artifactKey: Guid(0b29ef4633a45f34d995802ab462aaa7) Importer(815301076,1909f56bfc062723c751e8b465ee728b)
Start importing Assets/Scripts/ScenesManage.cs using Guid(0b29ef4633a45f34d995802ab462aaa7) Importer(815301076,1909f56bfc062723c751e8b465ee728b)  -> (artifact id: '6cdb439696925eea0c89f8b5e8747c22') in 0.024719 seconds
  Import took 0.128582 seconds .

========================================================================
Received Prepare
Registering precompiled user dll's ...
Registered in 0.000725 seconds.
Begin MonoManager ReloadAssembly
Native extension for WindowsStandalone target not found
Refreshing native plugins compatible for Editor in 0.46 ms, found 1 plugins.
Preloading 0 native plugins for Editor in 0.00 ms.
Invoked RoslynAnalysisRunner static constructor.
RoslynAnalysisRunner will not be running.
RoslynAnalysisRunner has terminated.
Mono: successfully reloaded assembly
- Completed reload, in  0.855 seconds
Platform modules already initialized, skipping
Refreshing native plugins compatible for Editor in 0.47 ms, found 1 plugins.
Preloading 0 native plugins for Editor in 0.00 ms.
Unloading 2272 Unused Serialized files (Serialized files now loaded: 0)
System memory in use before: 104.4 MB.
System memory in use after: 104.5 MB.

Unloading 13 unused Assets to reduce memory usage. Loaded Objects now: 2738.
Total: 2.596100 ms (FindLiveObjects: 0.468100 ms CreateObjectMapping: 0.140500 ms MarkObjects: 1.840800 ms  DeleteObjects: 0.145400 ms)

========================================================================
Received Import Request.
  Time since last request: 115.493461 seconds.
  path: Assets/Scripts/ScenesManage.cs
  artifactKey: Guid(0b29ef4633a45f34d995802ab462aaa7) Importer(815301076,1909f56bfc062723c751e8b465ee728b)
Start importing Assets/Scripts/ScenesManage.cs using Guid(0b29ef4633a45f34d995802ab462aaa7) Importer(815301076,1909f56bfc062723c751e8b465ee728b)  -> (artifact id: '674fe7eea23a0fa8df3f5fb86b715a65') in 0.004428 seconds
  Import took 0.007879 seconds .

========================================================================
Received Prepare
Registering precompiled user dll's ...
Registered in 0.016829 seconds.
Begin MonoManager ReloadAssembly
Native extension for WindowsStandalone target not found
Refreshing native plugins compatible for Editor in 0.42 ms, found 1 plugins.
Preloading 0 native plugins for Editor in 0.00 ms.
Invoked RoslynAnalysisRunner static constructor.
RoslynAnalysisRunner will not be running.
RoslynAnalysisRunner has terminated.
Mono: successfully reloaded assembly
- Completed reload, in  0.779 seconds
Platform modules already initialized, skipping
Refreshing native plugins compatible for Editor in 0.39 ms, found 1 plugins.
Preloading 0 native plugins for Editor in 0.00 ms.
Unloading 2272 Unused Serialized files (Serialized files now loaded: 0)
System memory in use before: 104.4 MB.
System memory in use after: 104.5 MB.

Unloading 13 unused Assets to reduce memory usage. Loaded Objects now: 2741.
Total: 2.576500 ms (FindLiveObjects: 0.305200 ms CreateObjectMapping: 0.140300 ms MarkObjects: 2.021600 ms  DeleteObjects: 0.108300 ms)

========================================================================
Received Import Request.
  Time since last request: 1068.998746 seconds.
  path: Assets/prefabs/Enemy.prefab
  artifactKey: Guid(86cba936233db354cae2897511aa3c7f) Importer(815301076,1909f56bfc062723c751e8b465ee728b)
Start importing Assets/prefabs/Enemy.prefab using Guid(86cba936233db354cae2897511aa3c7f) Importer(815301076,1909f56bfc062723c751e8b465ee728b)  -> (artifact id: '817527347e85f29b471ede18f729de43') in 0.501726 seconds
  Import took 0.540105 seconds .

========================================================================
Received Import Request.
  Time since last request: 40.708847 seconds.
  path: Assets/sprite/New Animation.anim
  artifactKey: Guid(0c877c0262d81ad429ec7a2d7a3c2e75) Importer(815301076,1909f56bfc062723c751e8b465ee728b)
Start importing Assets/sprite/New Animation.anim using Guid(0c877c0262d81ad429ec7a2d7a3c2e75) Importer(815301076,1909f56bfc062723c751e8b465ee728b)  -> (artifact id: '5435e7fad28e1ad3167b6142027a904d') in 0.009614 seconds
  Import took 0.028261 seconds .

========================================================================
Received Import Request.
  Time since last request: 11.031655 seconds.
  path: Assets/sprite/coin.anim
  artifactKey: Guid(0c877c0262d81ad429ec7a2d7a3c2e75) Importer(815301076,1909f56bfc062723c751e8b465ee728b)
Start importing Assets/sprite/coin.anim using Guid(0c877c0262d81ad429ec7a2d7a3c2e75) Importer(815301076,1909f56bfc062723c751e8b465ee728b)  -> (artifact id: '5afe262170081715d4e850673542e4fb') in 0.007918 seconds
  Import took 0.045931 seconds .

========================================================================
Received Prepare
Registering precompiled user dll's ...
Registered in 0.000736 seconds.
Begin MonoManager ReloadAssembly
Native extension for WindowsStandalone target not found
Refreshing native plugins compatible for Editor in 0.38 ms, found 1 plugins.
Preloading 0 native plugins for Editor in 0.00 ms.
Invoked RoslynAnalysisRunner static constructor.
RoslynAnalysisRunner will not be running.
RoslynAnalysisRunner has terminated.
Mono: successfully reloaded assembly
- Completed reload, in  0.799 seconds
Platform modules already initialized, skipping
Refreshing native plugins compatible for Editor in 0.39 ms, found 1 plugins.
Preloading 0 native plugins for Editor in 0.00 ms.
Unloading 2272 Unused Serialized files (Serialized files now loaded: 0)
System memory in use before: 104.5 MB.
System memory in use after: 104.6 MB.

Unloading 13 unused Assets to reduce memory usage. Loaded Objects now: 2749.
Total: 2.284000 ms (FindLiveObjects: 0.245500 ms CreateObjectMapping: 0.108000 ms MarkObjects: 1.839100 ms  DeleteObjects: 0.090100 ms)

========================================================================
Received Import Request.
  Time since last request: 315.141234 seconds.
  path: Assets/animation/coin cnt.controller
  artifactKey: Guid(aa911e8c239e03d429dda4821153623d) Importer(815301076,1909f56bfc062723c751e8b465ee728b)
Start importing Assets/animation/coin cnt.controller using Guid(aa911e8c239e03d429dda4821153623d) Importer(815301076,1909f56bfc062723c751e8b465ee728b)  -> (artifact id: '50bb6347d1f9983cb159632a1da439fe') in 0.018846 seconds
  Import took 0.049729 seconds .

========================================================================
Received Prepare
Registering precompiled user dll's ...
Registered in 0.000721 seconds.
Begin MonoManager ReloadAssembly
Native extension for WindowsStandalone target not found
Refreshing native plugins compatible for Editor in 0.37 ms, found 1 plugins.
Preloading 0 native plugins for Editor in 0.00 ms.
Invoked RoslynAnalysisRunner static constructor.
RoslynAnalysisRunner will not be running.
RoslynAnalysisRunner has terminated.
Mono: successfully reloaded assembly
- Completed reload, in  0.755 seconds
Platform modules already initialized, skipping
Refreshing native plugins compatible for Editor in 0.39 ms, found 1 plugins.
Preloading 0 native plugins for Editor in 0.00 ms.
Unloading 2272 Unused Serialized files (Serialized files now loaded: 0)
System memory in use before: 104.5 MB.
System memory in use after: 104.6 MB.

Unloading 13 unused Assets to reduce memory usage. Loaded Objects now: 2752.
Total: 2.356600 ms (FindLiveObjects: 0.260200 ms CreateObjectMapping: 0.134900 ms MarkObjects: 1.852100 ms  DeleteObjects: 0.107900 ms)

========================================================================
Received Import Request.
  Time since last request: 8753.610303 seconds.
  path: Assets/sprite/New Animation.anim
  artifactKey: Guid(8d16068294554e94baa7469a189d5b7e) Importer(815301076,1909f56bfc062723c751e8b465ee728b)
Start importing Assets/sprite/New Animation.anim using Guid(8d16068294554e94baa7469a189d5b7e) Importer(815301076,1909f56bfc062723c751e8b465ee728b)  -> (artifact id: '52c7a56f986d55bfdb95783687b59380') in 0.012018 seconds
  Import took 0.025561 seconds .

========================================================================
Received Prepare
Registering precompiled user dll's ...
Registered in 0.000985 seconds.
Begin MonoManager ReloadAssembly
Native extension for WindowsStandalone target not found
Refreshing native plugins compatible for Editor in 0.46 ms, found 1 plugins.
Preloading 0 native plugins for Editor in 0.00 ms.
Invoked RoslynAnalysisRunner static constructor.
RoslynAnalysisRunner will not be running.
RoslynAnalysisRunner has terminated.
Mono: successfully reloaded assembly
- Completed reload, in  0.783 seconds
Platform modules already initialized, skipping
Refreshing native plugins compatible for Editor in 0.38 ms, found 1 plugins.
Preloading 0 native plugins for Editor in 0.00 ms.
Unloading 2272 Unused Serialized files (Serialized files now loaded: 0)
System memory in use before: 104.5 MB.
System memory in use after: 104.6 MB.

Unloading 13 unused Assets to reduce memory usage. Loaded Objects now: 2755.
Total: 3.325200 ms (FindLiveObjects: 0.321600 ms CreateObjectMapping: 0.188000 ms MarkObjects: 2.690200 ms  DeleteObjects: 0.124200 ms)

========================================================================
Received Import Request.
  Time since last request: 64.742887 seconds.
  path: Assets/prefabs/coin.prefab
  artifactKey: Guid(fa74b58b17bb56140bf41ade0b65798e) Importer(815301076,1909f56bfc062723c751e8b465ee728b)
Start importing Assets/prefabs/coin.prefab using Guid(fa74b58b17bb56140bf41ade0b65798e) Importer(815301076,1909f56bfc062723c751e8b465ee728b) The Animator Controller (coin cnt) you have used is not valid. Animations will not play
UnityEngine.StackTraceUtility:ExtractStackTrace ()
UnityEditor.EditorUtility:Internal_InstantiateRemoveAllNonAnimationComponentsSingle (UnityEngine.Object,UnityEngine.Vector3,UnityEngine.Quaternion)
UnityEditor.EditorUtility:InstantiateRemoveAllNonAnimationComponents (UnityEngine.Object,UnityEngine.Vector3,UnityEngine.Quaternion)
UnityEditor.EditorUtility:InstantiateForAnimatorPreview (UnityEngine.Object)
UnityEditor.GameObjectInspector/PreviewData:UpdateGameObject (UnityEngine.Object)
UnityEditor.GameObjectInspector/PreviewData:.ctor (UnityEngine.Object)
UnityEditor.GameObjectInspector:GetPreviewData ()
UnityEditor.GameObjectInspector:RenderStaticPreview (string,UnityEngine.Object[],int,int)
UnityEditor.AssetPreviewUpdater:CreatePreviewForAsset (UnityEngine.Object,UnityEngine.Object[],string)

[C:\buildslave\unity\build\Modules/Animation/Director/AnimatorControllerPlayable.cpp line 332]

The Animator Controller (coin cnt) you have used is not valid. Animations will not play
UnityEngine.StackTraceUtility:ExtractStackTrace ()
UnityEditor.EditorUtility:InitInstantiatedPreviewRecursive (UnityEngine.GameObject)
UnityEditor.EditorUtility:InstantiateForAnimatorPreview (UnityEngine.Object)
UnityEditor.GameObjectInspector/PreviewData:UpdateGameObject (UnityEngine.Object)
UnityEditor.GameObjectInspector/PreviewData:.ctor (UnityEngine.Object)
UnityEditor.GameObjectInspector:GetPreviewData ()
UnityEditor.GameObjectInspector:RenderStaticPreview (string,UnityEngine.Object[],int,int)
UnityEditor.AssetPreviewUpdater:CreatePreviewForAsset (UnityEngine.Object,UnityEngine.Object[],string)

[C:\buildslave\unity\build\Modules/Animation/Director/AnimatorControllerPlayable.cpp line 332]

 -> (artifact id: '0dc9778936836a52c72121f8d9b5ffe7') in 0.195446 seconds
  Import took 0.217530 seconds .

========================================================================
Received Import Request.
  Time since last request: 19.012407 seconds.
  path: Assets/Scripts/coin.cs
  artifactKey: Guid(8481689bace5ff143ae589bf591f3942) Importer(815301076,1909f56bfc062723c751e8b465ee728b)
Start importing Assets/Scripts/coin.cs using Guid(8481689bace5ff143ae589bf591f3942) Importer(815301076,1909f56bfc062723c751e8b465ee728b)  -> (artifact id: '026c5d77659074834e93bf750584f4d6') in 0.007679 seconds
  Import took 0.014262 seconds .

========================================================================
Received Import Request.
  Time since last request: 0.000997 seconds.
  path: Assets/Scripts/coin.cs
  artifactKey: Guid(8481689bace5ff143ae589bf591f3942) Importer(815301076,1909f56bfc062723c751e8b465ee728b)
Start importing Assets/Scripts/coin.cs using Guid(8481689bace5ff143ae589bf591f3942) Importer(815301076,1909f56bfc062723c751e8b465ee728b)  -> (artifact id: '026c5d77659074834e93bf750584f4d6') in 0.002254 seconds
  Import took 0.016381 seconds .

========================================================================
Received Prepare
Registering precompiled user dll's ...
Registered in 0.000867 seconds.
Begin MonoManager ReloadAssembly
Native extension for WindowsStandalone target not found
Refreshing native plugins compatible for Editor in 0.38 ms, found 1 plugins.
Preloading 0 native plugins for Editor in 0.00 ms.
Invoked RoslynAnalysisRunner static constructor.
RoslynAnalysisRunner will not be running.
RoslynAnalysisRunner has terminated.
Mono: successfully reloaded assembly
- Completed reload, in  0.786 seconds
Platform modules already initialized, skipping
Refreshing native plugins compatible for Editor in 0.38 ms, found 1 plugins.
Preloading 0 native plugins for Editor in 0.00 ms.
Unloading 2273 Unused Serialized files (Serialized files now loaded: 0)
System memory in use before: 104.7 MB.
System memory in use after: 104.8 MB.

Unloading 13 unused Assets to reduce memory usage. Loaded Objects now: 2760.
Total: 2.277600 ms (FindLiveObjects: 0.254500 ms CreateObjectMapping: 0.111000 ms MarkObjects: 1.822800 ms  DeleteObjects: 0.088200 ms)

========================================================================
Received Prepare
Registering precompiled user dll's ...
Registered in 0.000814 seconds.
Begin MonoManager ReloadAssembly
Native extension for WindowsStandalone target not found
Refreshing native plugins compatible for Editor in 0.39 ms, found 1 plugins.
Preloading 0 native plugins for Editor in 0.00 ms.
Invoked RoslynAnalysisRunner static constructor.
RoslynAnalysisRunner will not be running.
RoslynAnalysisRunner has terminated.
Mono: successfully reloaded assembly
- Completed reload, in  0.826 seconds
Platform modules already initialized, skipping
Refreshing native plugins compatible for Editor in 0.39 ms, found 1 plugins.
Preloading 0 native plugins for Editor in 0.00 ms.
Unloading 2273 Unused Serialized files (Serialized files now loaded: 0)
System memory in use before: 104.7 MB.
System memory in use after: 104.8 MB.

Unloading 13 unused Assets to reduce memory usage. Loaded Objects now: 2763.
Total: 2.225200 ms (FindLiveObjects: 0.284900 ms CreateObjectMapping: 0.117600 ms MarkObjects: 1.726100 ms  DeleteObjects: 0.095200 ms)

========================================================================
Received Import Request.
  Time since last request: 655.911033 seconds.
  path: Assets/Scripts/coin.cs
  artifactKey: Guid(8481689bace5ff143ae589bf591f3942) Importer(815301076,1909f56bfc062723c751e8b465ee728b)
Start importing Assets/Scripts/coin.cs using Guid(8481689bace5ff143ae589bf591f3942) Importer(815301076,1909f56bfc062723c751e8b465ee728b)  -> (artifact id: '98860c5cabe4b0ee6ee676410242b2fd') in 0.004492 seconds
  Import took 0.121025 seconds .

========================================================================
Received Import Request.
  Time since last request: 180.442196 seconds.
  path: Assets/sprite/SFX-Coin-Pickup TileVania.ogg
  artifactKey: Guid(7bd8a746532ff184ba48b09c8c4c89f5) Importer(815301076,1909f56bfc062723c751e8b465ee728b)
Start importing Assets/sprite/SFX-Coin-Pickup TileVania.ogg using Guid(7bd8a746532ff184ba48b09c8c4c89f5) Importer(815301076,1909f56bfc062723c751e8b465ee728b)  -> (artifact id: 'e3c31f29e193f4905bc8adfe23a66a62') in 0.071678 seconds
  Import took 0.138933 seconds .

========================================================================
Received Prepare
Registering precompiled user dll's ...
Registered in 0.000810 seconds.
Begin MonoManager ReloadAssembly
Native extension for WindowsStandalone target not found
Refreshing native plugins compatible for Editor in 0.45 ms, found 1 plugins.
Preloading 0 native plugins for Editor in 0.00 ms.
Invoked RoslynAnalysisRunner static constructor.
RoslynAnalysisRunner will not be running.
RoslynAnalysisRunner has terminated.
Mono: successfully reloaded assembly
- Completed reload, in  0.869 seconds
Platform modules already initialized, skipping
Refreshing native plugins compatible for Editor in 0.38 ms, found 1 plugins.
Preloading 0 native plugins for Editor in 0.00 ms.
Unloading 2273 Unused Serialized files (Serialized files now loaded: 0)
System memory in use before: 104.7 MB.
System memory in use after: 104.8 MB.

Unloading 13 unused Assets to reduce memory usage. Loaded Objects now: 2769.
Total: 2.886200 ms (FindLiveObjects: 0.375200 ms CreateObjectMapping: 0.176500 ms MarkObjects: 2.176900 ms  DeleteObjects: 0.142300 ms)

========================================================================
Received Prepare
Registering precompiled user dll's ...
Registered in 0.000947 seconds.
Begin MonoManager ReloadAssembly
Native extension for WindowsStandalone target not found
Refreshing native plugins compatible for Editor in 0.43 ms, found 1 plugins.
Preloading 0 native plugins for Editor in 0.00 ms.
Invoked RoslynAnalysisRunner static constructor.
RoslynAnalysisRunner will not be running.
RoslynAnalysisRunner has terminated.
Mono: successfully reloaded assembly
- Completed reload, in  0.821 seconds
Platform modules already initialized, skipping
Refreshing native plugins compatible for Editor in 0.43 ms, found 1 plugins.
Preloading 0 native plugins for Editor in 0.00 ms.
Unloading 2273 Unused Serialized files (Serialized files now loaded: 0)
System memory in use before: 104.8 MB.
System memory in use after: 104.8 MB.

Unloading 13 unused Assets to reduce memory usage. Loaded Objects now: 2772.
Total: 2.813900 ms (FindLiveObjects: 0.326700 ms CreateObjectMapping: 0.149400 ms MarkObjects: 2.220700 ms  DeleteObjects: 0.115700 ms)

========================================================================
Received Prepare
Registering precompiled user dll's ...
Registered in 0.000747 seconds.
Begin MonoManager ReloadAssembly
Native extension for WindowsStandalone target not found
Refreshing native plugins compatible for Editor in 0.39 ms, found 1 plugins.
Preloading 0 native plugins for Editor in 0.00 ms.
Invoked RoslynAnalysisRunner static constructor.
RoslynAnalysisRunner will not be running.
RoslynAnalysisRunner has terminated.
Mono: successfully reloaded assembly
- Completed reload, in  0.851 seconds
Platform modules already initialized, skipping
Refreshing native plugins compatible for Editor in 0.48 ms, found 1 plugins.
Preloading 0 native plugins for Editor in 0.00 ms.
Unloading 2273 Unused Serialized files (Serialized files now loaded: 0)
System memory in use before: 104.8 MB.
System memory in use after: 104.9 MB.

Unloading 13 unused Assets to reduce memory usage. Loaded Objects now: 2775.
Total: 2.936800 ms (FindLiveObjects: 0.416300 ms CreateObjectMapping: 0.179600 ms MarkObjects: 2.232900 ms  DeleteObjects: 0.106800 ms)

========================================================================
Received Prepare
Registering precompiled user dll's ...
Registered in 0.000839 seconds.
Begin MonoManager ReloadAssembly
Native extension for WindowsStandalone target not found
Refreshing native plugins compatible for Editor in 0.38 ms, found 1 plugins.
Preloading 0 native plugins for Editor in 0.00 ms.
Invoked RoslynAnalysisRunner static constructor.
RoslynAnalysisRunner will not be running.
RoslynAnalysisRunner has terminated.
Mono: successfully reloaded assembly
- Completed reload, in  0.832 seconds
Platform modules already initialized, skipping
Refreshing native plugins compatible for Editor in 0.39 ms, found 1 plugins.
Preloading 0 native plugins for Editor in 0.00 ms.
Unloading 2273 Unused Serialized files (Serialized files now loaded: 0)
System memory in use before: 104.9 MB.
System memory in use after: 105.0 MB.

Unloading 13 unused Assets to reduce memory usage. Loaded Objects now: 2778.
Total: 2.289900 ms (FindLiveObjects: 0.263900 ms CreateObjectMapping: 0.138900 ms MarkObjects: 1.743000 ms  DeleteObjects: 0.143200 ms)

========================================================================
Received Prepare
Registering precompiled user dll's ...
Registered in 0.000717 seconds.
Begin MonoManager ReloadAssembly
Native extension for WindowsStandalone target not found
Refreshing native plugins compatible for Editor in 0.44 ms, found 1 plugins.
Preloading 0 native plugins for Editor in 0.00 ms.
Invoked RoslynAnalysisRunner static constructor.
RoslynAnalysisRunner will not be running.
RoslynAnalysisRunner has terminated.
Mono: successfully reloaded assembly
- Completed reload, in  0.817 seconds
Platform modules already initialized, skipping
Refreshing native plugins compatible for Editor in 0.40 ms, found 1 plugins.
Preloading 0 native plugins for Editor in 0.00 ms.
Unloading 2273 Unused Serialized files (Serialized files now loaded: 0)
System memory in use before: 104.9 MB.
System memory in use after: 105.0 MB.

Unloading 13 unused Assets to reduce memory usage. Loaded Objects now: 2781.
Total: 2.646200 ms (FindLiveObjects: 0.337500 ms CreateObjectMapping: 0.123500 ms MarkObjects: 2.069500 ms  DeleteObjects: 0.114400 ms)

========================================================================
Received Prepare
Registering precompiled user dll's ...
Registered in 0.000770 seconds.
Begin MonoManager ReloadAssembly
Native extension for WindowsStandalone target not found
Refreshing native plugins compatible for Editor in 0.47 ms, found 1 plugins.
Preloading 0 native plugins for Editor in 0.00 ms.
Invoked RoslynAnalysisRunner static constructor.
RoslynAnalysisRunner will not be running.
RoslynAnalysisRunner has terminated.
Mono: successfully reloaded assembly
- Completed reload, in  0.806 seconds
Platform modules already initialized, skipping
Refreshing native plugins compatible for Editor in 0.39 ms, found 1 plugins.
Preloading 0 native plugins for Editor in 0.00 ms.
Unloading 2273 Unused Serialized files (Serialized files now loaded: 0)
System memory in use before: 104.9 MB.
System memory in use after: 105.0 MB.

Unloading 13 unused Assets to reduce memory usage. Loaded Objects now: 2784.
Total: 2.240000 ms (FindLiveObjects: 0.325800 ms CreateObjectMapping: 0.132900 ms MarkObjects: 1.676100 ms  DeleteObjects: 0.103900 ms)

========================================================================
Received Prepare
Registering precompiled user dll's ...
Registered in 0.001020 seconds.
Begin MonoManager ReloadAssembly
Native extension for WindowsStandalone target not found
Refreshing native plugins compatible for Editor in 0.39 ms, found 1 plugins.
Preloading 0 native plugins for Editor in 0.00 ms.
Invoked RoslynAnalysisRunner static constructor.
RoslynAnalysisRunner will not be running.
RoslynAnalysisRunner has terminated.
Mono: successfully reloaded assembly
- Completed reload, in  0.814 seconds
Platform modules already initialized, skipping
Refreshing native plugins compatible for Editor in 0.38 ms, found 1 plugins.
Preloading 0 native plugins for Editor in 0.00 ms.
Unloading 2273 Unused Serialized files (Serialized files now loaded: 0)
System memory in use before: 104.9 MB.
System memory in use after: 105.0 MB.

Unloading 13 unused Assets to reduce memory usage. Loaded Objects now: 2787.
Total: 2.319700 ms (FindLiveObjects: 0.296000 ms CreateObjectMapping: 0.118400 ms MarkObjects: 1.768200 ms  DeleteObjects: 0.135600 ms)

========================================================================
Received Prepare
Registering precompiled user dll's ...
Registered in 0.000796 seconds.
Begin MonoManager ReloadAssembly
Native extension for WindowsStandalone target not found
Refreshing native plugins compatible for Editor in 0.48 ms, found 1 plugins.
Preloading 0 native plugins for Editor in 0.00 ms.
Invoked RoslynAnalysisRunner static constructor.
RoslynAnalysisRunner will not be running.
RoslynAnalysisRunner has terminated.
Mono: successfully reloaded assembly
- Completed reload, in  0.801 seconds
Platform modules already initialized, skipping
Refreshing native plugins compatible for Editor in 0.51 ms, found 1 plugins.
Preloading 0 native plugins for Editor in 0.00 ms.
Unloading 2273 Unused Serialized files (Serialized files now loaded: 0)
System memory in use before: 104.9 MB.
System memory in use after: 105.0 MB.

Unloading 13 unused Assets to reduce memory usage. Loaded Objects now: 2790.
Total: 2.943300 ms (FindLiveObjects: 0.408600 ms CreateObjectMapping: 0.170400 ms MarkObjects: 2.239700 ms  DeleteObjects: 0.123000 ms)

========================================================================
Received Prepare
Registering precompiled user dll's ...
Registered in 0.000886 seconds.
Begin MonoManager ReloadAssembly
Native extension for WindowsStandalone target not found
Refreshing native plugins compatible for Editor in 0.35 ms, found 1 plugins.
Preloading 0 native plugins for Editor in 0.00 ms.
Invoked RoslynAnalysisRunner static constructor.
RoslynAnalysisRunner will not be running.
RoslynAnalysisRunner has terminated.
Mono: successfully reloaded assembly
- Completed reload, in  0.800 seconds
Platform modules already initialized, skipping
Refreshing native plugins compatible for Editor in 0.40 ms, found 1 plugins.
Preloading 0 native plugins for Editor in 0.00 ms.
Unloading 2273 Unused Serialized files (Serialized files now loaded: 0)
System memory in use before: 104.9 MB.
System memory in use after: 105.0 MB.

Unloading 13 unused Assets to reduce memory usage. Loaded Objects now: 2793.
Total: 2.155400 ms (FindLiveObjects: 0.285900 ms CreateObjectMapping: 0.124500 ms MarkObjects: 1.640900 ms  DeleteObjects: 0.102900 ms)

========================================================================
Received Prepare
Registering precompiled user dll's ...
Registered in 0.000681 seconds.
Begin MonoManager ReloadAssembly
Native extension for WindowsStandalone target not found
Refreshing native plugins compatible for Editor in 0.39 ms, found 1 plugins.
Preloading 0 native plugins for Editor in 0.00 ms.
Invoked RoslynAnalysisRunner static constructor.
RoslynAnalysisRunner will not be running.
RoslynAnalysisRunner has terminated.
Mono: successfully reloaded assembly
- Completed reload, in  0.852 seconds
Platform modules already initialized, skipping
Refreshing native plugins compatible for Editor in 0.69 ms, found 1 plugins.
Preloading 0 native plugins for Editor in 0.00 ms.
Unloading 2273 Unused Serialized files (Serialized files now loaded: 0)
System memory in use before: 104.9 MB.
System memory in use after: 105.0 MB.

Unloading 13 unused Assets to reduce memory usage. Loaded Objects now: 2796.
Total: 2.687700 ms (FindLiveObjects: 0.348900 ms CreateObjectMapping: 0.163800 ms MarkObjects: 2.055900 ms  DeleteObjects: 0.117300 ms)

========================================================================
Received Prepare
Registering precompiled user dll's ...
Registered in 0.000723 seconds.
Begin MonoManager ReloadAssembly
Native extension for WindowsStandalone target not found
Refreshing native plugins compatible for Editor in 0.71 ms, found 1 plugins.
Preloading 0 native plugins for Editor in 0.00 ms.
Invoked RoslynAnalysisRunner static constructor.
RoslynAnalysisRunner will not be running.
RoslynAnalysisRunner has terminated.
Mono: successfully reloaded assembly
- Completed reload, in  0.811 seconds
Platform modules already initialized, skipping
Refreshing native plugins compatible for Editor in 0.41 ms, found 1 plugins.
Preloading 0 native plugins for Editor in 0.00 ms.
Unloading 2273 Unused Serialized files (Serialized files now loaded: 0)
System memory in use before: 104.9 MB.
System memory in use after: 105.0 MB.

Unloading 13 unused Assets to reduce memory usage. Loaded Objects now: 2799.
Total: 2.675500 ms (FindLiveObjects: 0.268500 ms CreateObjectMapping: 0.158200 ms MarkObjects: 2.143300 ms  DeleteObjects: 0.104000 ms)

========================================================================
Received Import Request.
  Time since last request: 5525.115691 seconds.
  path: Assets/Scripts/ScenesManage.cs
  artifactKey: Guid(0b29ef4633a45f34d995802ab462aaa7) Importer(815301076,1909f56bfc062723c751e8b465ee728b)
Start importing Assets/Scripts/ScenesManage.cs using Guid(0b29ef4633a45f34d995802ab462aaa7) Importer(815301076,1909f56bfc062723c751e8b465ee728b)  -> (artifact id: 'e3da3bcbc9c911239bddcee29beec673') in 0.007241 seconds
  Import took 0.359616 seconds .

========================================================================
Received Prepare
Registering precompiled user dll's ...
Registered in 0.000875 seconds.
Begin MonoManager ReloadAssembly
Native extension for WindowsStandalone target not found
Refreshing native plugins compatible for Editor in 0.41 ms, found 1 plugins.
Preloading 0 native plugins for Editor in 0.00 ms.
Invoked RoslynAnalysisRunner static constructor.
RoslynAnalysisRunner will not be running.
RoslynAnalysisRunner has terminated.
Mono: successfully reloaded assembly
- Completed reload, in  0.833 seconds
Platform modules already initialized, skipping
Refreshing native plugins compatible for Editor in 0.38 ms, found 1 plugins.
Preloading 0 native plugins for Editor in 0.00 ms.
Unloading 2273 Unused Serialized files (Serialized files now loaded: 0)
System memory in use before: 104.9 MB.
System memory in use after: 105.0 MB.

Unloading 13 unused Assets to reduce memory usage. Loaded Objects now: 2802.
Total: 3.285600 ms (FindLiveObjects: 0.269800 ms CreateObjectMapping: 0.123500 ms MarkObjects: 2.725200 ms  DeleteObjects: 0.165900 ms)

========================================================================
Received Import Request.
  Time since last request: 420.973801 seconds.
  path: Assets/Scripts/ScenesManage.cs
  artifactKey: Guid(0b29ef4633a45f34d995802ab462aaa7) Importer(815301076,1909f56bfc062723c751e8b465ee728b)
Start importing Assets/Scripts/ScenesManage.cs using Guid(0b29ef4633a45f34d995802ab462aaa7) Importer(815301076,1909f56bfc062723c751e8b465ee728b)  -> (artifact id: '5de4fd733ab41676b819536b0d4100fc') in 0.004233 seconds
  Import took 0.111389 seconds .

========================================================================
Received Prepare
Registering precompiled user dll's ...
Registered in 0.000932 seconds.
Begin MonoManager ReloadAssembly
Native extension for WindowsStandalone target not found
Refreshing native plugins compatible for Editor in 0.38 ms, found 1 plugins.
Preloading 0 native plugins for Editor in 0.00 ms.
Invoked RoslynAnalysisRunner static constructor.
RoslynAnalysisRunner will not be running.
RoslynAnalysisRunner has terminated.
Mono: successfully reloaded assembly
- Completed reload, in  0.811 seconds
Platform modules already initialized, skipping
Refreshing native plugins compatible for Editor in 0.42 ms, found 1 plugins.
Preloading 0 native plugins for Editor in 0.00 ms.
Unloading 2286 Unused Serialized files (Serialized files now loaded: 0)
System memory in use before: 106.6 MB.
System memory in use after: 106.0 MB.

Unloading 26 unused Assets to reduce memory usage. Loaded Objects now: 2805.
Total: 3.415600 ms (FindLiveObjects: 0.432000 ms CreateObjectMapping: 0.315700 ms MarkObjects: 2.295400 ms  DeleteObjects: 0.370800 ms)

========================================================================
Received Prepare
Registering precompiled user dll's ...
Registered in 0.000740 seconds.
Begin MonoManager ReloadAssembly
Native extension for WindowsStandalone target not found
Refreshing native plugins compatible for Editor in 0.39 ms, found 1 plugins.
Preloading 0 native plugins for Editor in 0.00 ms.
Invoked RoslynAnalysisRunner static constructor.
RoslynAnalysisRunner will not be running.
RoslynAnalysisRunner has terminated.
Mono: successfully reloaded assembly
- Completed reload, in  0.804 seconds
Platform modules already initialized, skipping
Refreshing native plugins compatible for Editor in 0.81 ms, found 1 plugins.
Preloading 0 native plugins for Editor in 0.00 ms.
Unloading 2286 Unused Serialized files (Serialized files now loaded: 0)
System memory in use before: 106.6 MB.
System memory in use after: 106.0 MB.

Unloading 26 unused Assets to reduce memory usage. Loaded Objects now: 2808.
Total: 2.996600 ms (FindLiveObjects: 0.310600 ms CreateObjectMapping: 0.144500 ms MarkObjects: 2.073700 ms  DeleteObjects: 0.466300 ms)

========================================================================
Received Import Request.
  Time since last request: 660.992286 seconds.
  path: Assets/Scripts/ScenesManage.cs
  artifactKey: Guid(0b29ef4633a45f34d995802ab462aaa7) Importer(815301076,1909f56bfc062723c751e8b465ee728b)
Start importing Assets/Scripts/ScenesManage.cs using Guid(0b29ef4633a45f34d995802ab462aaa7) Importer(815301076,1909f56bfc062723c751e8b465ee728b)  -> (artifact id: '5ed894a0a64962e2345bab9b4d44c2f6') in 0.005102 seconds
  Import took 0.106306 seconds .

========================================================================
Received Prepare
Registering precompiled user dll's ...
Registered in 0.000882 seconds.
Begin MonoManager ReloadAssembly
Native extension for WindowsStandalone target not found
Refreshing native plugins compatible for Editor in 0.42 ms, found 1 plugins.
Preloading 0 native plugins for Editor in 0.00 ms.
Invoked RoslynAnalysisRunner static constructor.
RoslynAnalysisRunner will not be running.
RoslynAnalysisRunner has terminated.
Mono: successfully reloaded assembly
- Completed reload, in  0.819 seconds
Platform modules already initialized, skipping
Refreshing native plugins compatible for Editor in 0.40 ms, found 1 plugins.
Preloading 0 native plugins for Editor in 0.00 ms.
Unloading 2286 Unused Serialized files (Serialized files now loaded: 0)
System memory in use before: 106.6 MB.
System memory in use after: 106.1 MB.

Unloading 26 unused Assets to reduce memory usage. Loaded Objects now: 2811.
Total: 3.861000 ms (FindLiveObjects: 0.741500 ms CreateObjectMapping: 0.377900 ms MarkObjects: 2.300600 ms  DeleteObjects: 0.439700 ms)

========================================================================
Received Prepare
Registering precompiled user dll's ...
Registered in 0.000784 seconds.
Begin MonoManager ReloadAssembly
Native extension for WindowsStandalone target not found
Refreshing native plugins compatible for Editor in 0.37 ms, found 1 plugins.
Preloading 0 native plugins for Editor in 0.00 ms.
Invoked RoslynAnalysisRunner static constructor.
RoslynAnalysisRunner will not be running.
RoslynAnalysisRunner has terminated.
Mono: successfully reloaded assembly
- Completed reload, in  0.814 seconds
Platform modules already initialized, skipping
Refreshing native plugins compatible for Editor in 0.40 ms, found 1 plugins.
Preloading 0 native plugins for Editor in 0.00 ms.
Unloading 2286 Unused Serialized files (Serialized files now loaded: 0)
System memory in use before: 106.6 MB.
System memory in use after: 106.1 MB.

Unloading 26 unused Assets to reduce memory usage. Loaded Objects now: 2814.
Total: 2.917700 ms (FindLiveObjects: 0.357200 ms CreateObjectMapping: 0.132400 ms MarkObjects: 1.947700 ms  DeleteObjects: 0.479300 ms)

========================================================================
Received Prepare
Registering precompiled user dll's ...
Registered in 0.000745 seconds.
Begin MonoManager ReloadAssembly
Native extension for WindowsStandalone target not found
Refreshing native plugins compatible for Editor in 0.43 ms, found 1 plugins.
Preloading 0 native plugins for Editor in 0.00 ms.
Invoked RoslynAnalysisRunner static constructor.
RoslynAnalysisRunner will not be running.
RoslynAnalysisRunner has terminated.
Mono: successfully reloaded assembly
- Completed reload, in  0.847 seconds
Platform modules already initialized, skipping
Refreshing native plugins compatible for Editor in 0.40 ms, found 1 plugins.
Preloading 0 native plugins for Editor in 0.00 ms.
Unloading 2286 Unused Serialized files (Serialized files now loaded: 0)
System memory in use before: 106.6 MB.
System memory in use after: 106.1 MB.

Unloading 26 unused Assets to reduce memory usage. Loaded Objects now: 2817.
Total: 2.963700 ms (FindLiveObjects: 0.408100 ms CreateObjectMapping: 0.118300 ms MarkObjects: 2.013000 ms  DeleteObjects: 0.422900 ms)

========================================================================
Received Prepare
Registering precompiled user dll's ...
Registered in 0.000892 seconds.
Begin MonoManager ReloadAssembly
Native extension for WindowsStandalone target not found
Refreshing native plugins compatible for Editor in 0.43 ms, found 1 plugins.
Preloading 0 native plugins for Editor in 0.00 ms.
Invoked RoslynAnalysisRunner static constructor.
RoslynAnalysisRunner will not be running.
RoslynAnalysisRunner has terminated.
Mono: successfully reloaded assembly
- Completed reload, in  0.852 seconds
Platform modules already initialized, skipping
Refreshing native plugins compatible for Editor in 0.42 ms, found 1 plugins.
Preloading 0 native plugins for Editor in 0.00 ms.
Unloading 2286 Unused Serialized files (Serialized files now loaded: 0)
System memory in use before: 106.6 MB.
System memory in use after: 106.1 MB.

Unloading 26 unused Assets to reduce memory usage. Loaded Objects now: 2820.
Total: 2.723200 ms (FindLiveObjects: 0.265600 ms CreateObjectMapping: 0.123500 ms MarkObjects: 1.895400 ms  DeleteObjects: 0.437400 ms)

========================================================================
Received Prepare
Registering precompiled user dll's ...
Registered in 0.401489 seconds.
Begin MonoManager ReloadAssembly
Native extension for WindowsStandalone target not found
Refreshing native plugins compatible for Editor in 0.38 ms, found 1 plugins.
Preloading 0 native plugins for Editor in 0.00 ms.
Invoked RoslynAnalysisRunner static constructor.
RoslynAnalysisRunner will not be running.
RoslynAnalysisRunner has terminated.
Mono: successfully reloaded assembly
- Completed reload, in  8.193 seconds
Platform modules already initialized, skipping
Refreshing native plugins compatible for Editor in 0.48 ms, found 1 plugins.
Preloading 0 native plugins for Editor in 0.00 ms.
Unloading 2286 Unused Serialized files (Serialized files now loaded: 0)
System memory in use before: 106.6 MB.
System memory in use after: 106.1 MB.

Unloading 26 unused Assets to reduce memory usage. Loaded Objects now: 2823.
Total: 3.471200 ms (FindLiveObjects: 0.319600 ms CreateObjectMapping: 0.175100 ms MarkObjects: 2.586100 ms  DeleteObjects: 0.388400 ms)

========================================================================
Received Import Request.
  Time since last request: 1639.661007 seconds.
  path: Assets/Scripts/prsist.cs
  artifactKey: Guid(bd7754c0546fdfc44bb101ddfe6740b2) Importer(815301076,1909f56bfc062723c751e8b465ee728b)
Start importing Assets/Scripts/prsist.cs using Guid(bd7754c0546fdfc44bb101ddfe6740b2) Importer(815301076,1909f56bfc062723c751e8b465ee728b)  -> (artifact id: 'ec4e7526890783f12d84025ea27aff47') in 0.009903 seconds
  Import took 0.103069 seconds .

========================================================================
Received Prepare
Registering precompiled user dll's ...
Registered in 0.000742 seconds.
Begin MonoManager ReloadAssembly
Native extension for WindowsStandalone target not found
Refreshing native plugins compatible for Editor in 0.41 ms, found 1 plugins.
Preloading 0 native plugins for Editor in 0.00 ms.
Invoked RoslynAnalysisRunner static constructor.
RoslynAnalysisRunner will not be running.
RoslynAnalysisRunner has terminated.
Mono: successfully reloaded assembly
- Completed reload, in  0.813 seconds
Platform modules already initialized, skipping
Refreshing native plugins compatible for Editor in 0.41 ms, found 1 plugins.
Preloading 0 native plugins for Editor in 0.00 ms.
Unloading 2287 Unused Serialized files (Serialized files now loaded: 0)
System memory in use before: 106.6 MB.
System memory in use after: 106.1 MB.

Unloading 26 unused Assets to reduce memory usage. Loaded Objects now: 2827.
Total: 3.777700 ms (FindLiveObjects: 0.489900 ms CreateObjectMapping: 0.232400 ms MarkObjects: 2.617400 ms  DeleteObjects: 0.435600 ms)

========================================================================
Received Prepare
Registering precompiled user dll's ...
Registered in 0.000782 seconds.
Begin MonoManager ReloadAssembly
Native extension for WindowsStandalone target not found
Refreshing native plugins compatible for Editor in 0.38 ms, found 1 plugins.
Preloading 0 native plugins for Editor in 0.00 ms.
Invoked RoslynAnalysisRunner static constructor.
RoslynAnalysisRunner will not be running.
RoslynAnalysisRunner has terminated.
Mono: successfully reloaded assembly
- Completed reload, in  0.796 seconds
Platform modules already initialized, skipping
Refreshing native plugins compatible for Editor in 0.42 ms, found 1 plugins.
Preloading 0 native plugins for Editor in 0.00 ms.
Unloading 2287 Unused Serialized files (Serialized files now loaded: 0)
System memory in use before: 106.7 MB.
System memory in use after: 106.1 MB.

Unloading 26 unused Assets to reduce memory usage. Loaded Objects now: 2830.
Total: 3.544500 ms (FindLiveObjects: 0.435900 ms CreateObjectMapping: 0.318600 ms MarkObjects: 2.256600 ms  DeleteObjects: 0.531000 ms)

========================================================================
Received Import Request.
  Time since last request: 54.919998 seconds.
  path: Assets/Scripts/prsist.cs
  artifactKey: Guid(bd7754c0546fdfc44bb101ddfe6740b2) Importer(815301076,1909f56bfc062723c751e8b465ee728b)
Start importing Assets/Scripts/prsist.cs using Guid(bd7754c0546fdfc44bb101ddfe6740b2) Importer(815301076,1909f56bfc062723c751e8b465ee728b)  -> (artifact id: '1c473f3a7102710fedba4d73c8427eb7') in 0.004664 seconds
  Import took 0.118301 seconds .

========================================================================
Received Prepare
Registering precompiled user dll's ...
Registered in 0.000802 seconds.
Begin MonoManager ReloadAssembly
Native extension for WindowsStandalone target not found
Refreshing native plugins compatible for Editor in 0.48 ms, found 1 plugins.
Preloading 0 native plugins for Editor in 0.00 ms.
Invoked RoslynAnalysisRunner static constructor.
RoslynAnalysisRunner will not be running.
RoslynAnalysisRunner has terminated.
Mono: successfully reloaded assembly
- Completed reload, in  0.876 seconds
Platform modules already initialized, skipping
Refreshing native plugins compatible for Editor in 0.66 ms, found 1 plugins.
Preloading 0 native plugins for Editor in 0.00 ms.
Unloading 2287 Unused Serialized files (Serialized files now loaded: 0)
System memory in use before: 106.7 MB.
System memory in use after: 106.1 MB.

Unloading 26 unused Assets to reduce memory usage. Loaded Objects now: 2833.
Total: 2.621900 ms (FindLiveObjects: 0.264900 ms CreateObjectMapping: 0.127300 ms MarkObjects: 1.843900 ms  DeleteObjects: 0.384600 ms)

========================================================================
Received Import Request.
  Time since last request: 447.994647 seconds.
  path: Assets/Scripts/LevelExit.cs
  artifactKey: Guid(a7d9da98f450dc344abdd3b4af3a3064) Importer(815301076,1909f56bfc062723c751e8b465ee728b)
Start importing Assets/Scripts/LevelExit.cs using Guid(a7d9da98f450dc344abdd3b4af3a3064) Importer(815301076,1909f56bfc062723c751e8b465ee728b)  -> (artifact id: '8483b5b05e72055dad57efd446830a86') in 0.010794 seconds
  Import took 0.121384 seconds .

========================================================================
Received Prepare
Registering precompiled user dll's ...
Registered in 0.000772 seconds.
Begin MonoManager ReloadAssembly
Native extension for WindowsStandalone target not found
Refreshing native plugins compatible for Editor in 0.56 ms, found 1 plugins.
Preloading 0 native plugins for Editor in 0.00 ms.
Invoked RoslynAnalysisRunner static constructor.
RoslynAnalysisRunner will not be running.
RoslynAnalysisRunner has terminated.
Mono: successfully reloaded assembly
- Completed reload, in  0.927 seconds
Platform modules already initialized, skipping
Refreshing native plugins compatible for Editor in 0.42 ms, found 1 plugins.
Preloading 0 native plugins for Editor in 0.00 ms.
Unloading 2288 Unused Serialized files (Serialized files now loaded: 0)
System memory in use before: 106.7 MB.
System memory in use after: 106.2 MB.

Unloading 26 unused Assets to reduce memory usage. Loaded Objects now: 2837.
Total: 3.062600 ms (FindLiveObjects: 0.380000 ms CreateObjectMapping: 0.218200 ms MarkObjects: 2.055100 ms  DeleteObjects: 0.400600 ms)

========================================================================
Received Prepare
Registering precompiled user dll's ...
Registered in 0.151507 seconds.
Begin MonoManager ReloadAssembly
Native extension for WindowsStandalone target not found
Refreshing native plugins compatible for Editor in 0.38 ms, found 1 plugins.
Preloading 0 native plugins for Editor in 0.00 ms.
Invoked RoslynAnalysisRunner static constructor.
RoslynAnalysisRunner will not be running.
RoslynAnalysisRunner has terminated.
Mono: successfully reloaded assembly
- Completed reload, in  0.809 seconds
Platform modules already initialized, skipping
Refreshing native plugins compatible for Editor in 0.43 ms, found 1 plugins.
Preloading 0 native plugins for Editor in 0.00 ms.
Unloading 2288 Unused Serialized files (Serialized files now loaded: 0)
System memory in use before: 106.7 MB.
System memory in use after: 106.2 MB.

Unloading 26 unused Assets to reduce memory usage. Loaded Objects now: 2840.
Total: 3.450000 ms (FindLiveObjects: 0.780400 ms CreateObjectMapping: 0.216400 ms MarkObjects: 2.038100 ms  DeleteObjects: 0.414000 ms)

========================================================================
Received Import Request.
  Time since last request: 4841.815954 seconds.
  path: Assets/Scripts/LevelExit.cs
  artifactKey: Guid(a7d9da98f450dc344abdd3b4af3a3064) Importer(815301076,1909f56bfc062723c751e8b465ee728b)
Start importing Assets/Scripts/LevelExit.cs using Guid(a7d9da98f450dc344abdd3b4af3a3064) Importer(815301076,1909f56bfc062723c751e8b465ee728b)  -> (artifact id: '2f4c5d2a583d89e93425547b08c0976a') in 0.009944 seconds
  Import took 0.122846 seconds .

========================================================================
Received Import Request.
  Time since last request: 0.089432 seconds.
  path: Assets/Scripts/LevelExit.cs
  artifactKey: Guid(a7d9da98f450dc344abdd3b4af3a3064) Importer(815301076,1909f56bfc062723c751e8b465ee728b)
Start importing Assets/Scripts/LevelExit.cs using Guid(a7d9da98f450dc344abdd3b4af3a3064) Importer(815301076,1909f56bfc062723c751e8b465ee728b)  -> (artifact id: '2f4c5d2a583d89e93425547b08c0976a') in 0.001928 seconds
  Import took 0.024935 seconds .

========================================================================
Received Prepare
Registering precompiled user dll's ...
Registered in 0.000675 seconds.
Begin MonoManager ReloadAssembly
Native extension for WindowsStandalone target not found
Refreshing native plugins compatible for Editor in 0.40 ms, found 1 plugins.
Preloading 0 native plugins for Editor in 0.00 ms.
Invoked RoslynAnalysisRunner static constructor.
RoslynAnalysisRunner will not be running.
RoslynAnalysisRunner has terminated.
Mono: successfully reloaded assembly
- Completed reload, in  0.857 seconds
Platform modules already initialized, skipping
Refreshing native plugins compatible for Editor in 0.44 ms, found 1 plugins.
Preloading 0 native plugins for Editor in 0.00 ms.
Unloading 2288 Unused Serialized files (Serialized files now loaded: 0)
System memory in use before: 106.7 MB.
System memory in use after: 106.2 MB.

Unloading 26 unused Assets to reduce memory usage. Loaded Objects now: 2843.
Total: 3.951400 ms (FindLiveObjects: 0.663100 ms CreateObjectMapping: 0.168400 ms MarkObjects: 2.506600 ms  DeleteObjects: 0.611300 ms)

========================================================================
Received Prepare
Registering precompiled user dll's ...
Registered in 0.000781 seconds.
Begin MonoManager ReloadAssembly
Native extension for WindowsStandalone target not found
Refreshing native plugins compatible for Editor in 0.50 ms, found 1 plugins.
Preloading 0 native plugins for Editor in 0.00 ms.
Invoked RoslynAnalysisRunner static constructor.
RoslynAnalysisRunner will not be running.
RoslynAnalysisRunner has terminated.
Mono: successfully reloaded assembly
- Completed reload, in  0.828 seconds
Platform modules already initialized, skipping
Refreshing native plugins compatible for Editor in 0.41 ms, found 1 plugins.
Preloading 0 native plugins for Editor in 0.00 ms.
Unloading 2288 Unused Serialized files (Serialized files now loaded: 0)
System memory in use before: 106.7 MB.
System memory in use after: 106.2 MB.

Unloading 26 unused Assets to reduce memory usage. Loaded Objects now: 2846.
Total: 3.059500 ms (FindLiveObjects: 0.302000 ms CreateObjectMapping: 0.143700 ms MarkObjects: 2.142000 ms  DeleteObjects: 0.470300 ms)

========================================================================
Received Prepare
Registering precompiled user dll's ...
Registered in 0.000805 seconds.
Begin MonoManager ReloadAssembly
Native extension for WindowsStandalone target not found
Refreshing native plugins compatible for Editor in 0.57 ms, found 1 plugins.
Preloading 0 native plugins for Editor in 0.00 ms.
Invoked RoslynAnalysisRunner static constructor.
RoslynAnalysisRunner will not be running.
RoslynAnalysisRunner has terminated.
Mono: successfully reloaded assembly
- Completed reload, in  0.888 seconds
Platform modules already initialized, skipping
Refreshing native plugins compatible for Editor in 0.40 ms, found 1 plugins.
Preloading 0 native plugins for Editor in 0.00 ms.
Unloading 2288 Unused Serialized files (Serialized files now loaded: 0)
System memory in use before: 106.7 MB.
System memory in use after: 106.2 MB.

Unloading 26 unused Assets to reduce memory usage. Loaded Objects now: 2849.
Total: 2.736100 ms (FindLiveObjects: 0.305400 ms CreateObjectMapping: 0.212700 ms MarkObjects: 1.848000 ms  DeleteObjects: 0.368900 ms)

========================================================================
Received Import Request.
  Time since last request: 206.185460 seconds.
  path: Assets/Scenes/Level 2.unity
  artifactKey: Guid(4f01f5ba022338e4c891e9fc20f4c800) Importer(815301076,1909f56bfc062723c751e8b465ee728b)
Start importing Assets/Scenes/Level 2.unity using Guid(4f01f5ba022338e4c891e9fc20f4c800) Importer(815301076,1909f56bfc062723c751e8b465ee728b)  -> (artifact id: 'c1dec700d0b8e256bbe3517a06a3218a') in 0.020735 seconds
  Import took 0.024880 seconds .

========================================================================
Received Import Request.
  Time since last request: 3.500708 seconds.
  path: Assets/Scenes/Level 1.unity
  artifactKey: Guid(3af25a0a09ae39f4c967fe49d0b23ca5) Importer(815301076,1909f56bfc062723c751e8b465ee728b)
Start importing Assets/Scenes/Level 1.unity using Guid(3af25a0a09ae39f4c967fe49d0b23ca5) Importer(815301076,1909f56bfc062723c751e8b465ee728b)  -> (artifact id: '0252166b323144294faf58864f6b7c1c') in 0.007618 seconds
  Import took 0.117763 seconds .

========================================================================
Received Prepare
Registering precompiled user dll's ...
Registered in 0.000782 seconds.
Begin MonoManager ReloadAssembly
Native extension for WindowsStandalone target not found
Refreshing native plugins compatible for Editor in 0.40 ms, found 1 plugins.
Preloading 0 native plugins for Editor in 0.00 ms.
Invoked RoslynAnalysisRunner static constructor.
RoslynAnalysisRunner will not be running.
RoslynAnalysisRunner has terminated.
Mono: successfully reloaded assembly
- Completed reload, in  0.826 seconds
Platform modules already initialized, skipping
Refreshing native plugins compatible for Editor in 0.48 ms, found 1 plugins.
Preloading 0 native plugins for Editor in 0.00 ms.
Unloading 2288 Unused Serialized files (Serialized files now loaded: 0)
System memory in use before: 106.8 MB.
System memory in use after: 106.2 MB.

Unloading 26 unused Assets to reduce memory usage. Loaded Objects now: 2852.
Total: 2.649900 ms (FindLiveObjects: 0.336400 ms CreateObjectMapping: 0.129200 ms MarkObjects: 1.784400 ms  DeleteObjects: 0.397900 ms)

========================================================================
Received Import Request.
  Time since last request: 141.786020 seconds.
  path: Assets/Scenes/Level 2.unity
  artifactKey: Guid(4f01f5ba022338e4c891e9fc20f4c800) Importer(815301076,1909f56bfc062723c751e8b465ee728b)
Start importing Assets/Scenes/Level 2.unity using Guid(4f01f5ba022338e4c891e9fc20f4c800) Importer(815301076,1909f56bfc062723c751e8b465ee728b)  -> (artifact id: '82440301a17e42a410042a152b2a894e') in 0.012092 seconds
  Import took 0.128151 seconds .

========================================================================
Received Import Request.
  Time since last request: 83.617658 seconds.
  path: Assets/tile/platform.prefab
  artifactKey: Guid(ec12017f4677a7d43bb3dcc8be6515f3) Importer(815301076,1909f56bfc062723c751e8b465ee728b)
Start importing Assets/tile/platform.prefab using Guid(ec12017f4677a7d43bb3dcc8be6515f3) Importer(815301076,1909f56bfc062723c751e8b465ee728b)  -> (artifact id: 'dd22876ac30ea08f2440e255c5a1bb48') in 0.365861 seconds
  Import took 0.399066 seconds .

========================================================================
Received Import Request.
  Time since last request: 0.010304 seconds.
  path: Assets/tile/platform.prefab
  artifactKey: Guid(ec12017f4677a7d43bb3dcc8be6515f3) Importer(815301076,1909f56bfc062723c751e8b465ee728b)
Start importing Assets/tile/platform.prefab using Guid(ec12017f4677a7d43bb3dcc8be6515f3) Importer(815301076,1909f56bfc062723c751e8b465ee728b)  -> (artifact id: 'dd22876ac30ea08f2440e255c5a1bb48') in 0.003299 seconds
  Import took 0.007291 seconds .

========================================================================
Received Import Request.
  Time since last request: 10.728153 seconds.
  path: Assets/prefabs/coin Variant.prefab
  artifactKey: Guid(1117a01e11aa4c947b0e91cbef25f50c) Importer(815301076,1909f56bfc062723c751e8b465ee728b)
Start importing Assets/prefabs/coin Variant.prefab using Guid(1117a01e11aa4c947b0e91cbef25f50c) Importer(815301076,1909f56bfc062723c751e8b465ee728b)  -> (artifact id: 'c457d6433607bbdee8b3607b883ae5df') in 0.080939 seconds
  Import took 0.090986 seconds .

========================================================================
Received Import Request.
  Time since last request: 41.719616 seconds.
  path: Assets/prefabs/coin Variant.prefab
  artifactKey: Guid(1117a01e11aa4c947b0e91cbef25f50c) Importer(815301076,1909f56bfc062723c751e8b465ee728b)
Start importing Assets/prefabs/coin Variant.prefab using Guid(1117a01e11aa4c947b0e91cbef25f50c) Importer(815301076,1909f56bfc062723c751e8b465ee728b)  -> (artifact id: '51008c8d22e9f2263271404b7c6580c8') in 0.014330 seconds
  Import took 0.062853 seconds .

========================================================================
Received Import Request.
  Time since last request: 5.884140 seconds.
  path: Assets/prefabs/coin Variant.prefab
  artifactKey: Guid(1117a01e11aa4c947b0e91cbef25f50c) Importer(815301076,1909f56bfc062723c751e8b465ee728b)
Start importing Assets/prefabs/coin Variant.prefab using Guid(1117a01e11aa4c947b0e91cbef25f50c) Importer(815301076,1909f56bfc062723c751e8b465ee728b)  -> (artifact id: '716fe993da5d898d5b3cc6b638babda6') in 0.014770 seconds
  Import took 0.114023 seconds .

========================================================================
Received Import Request.
  Time since last request: 24.175338 seconds.
  path: Assets/prefabs/coin Variant.prefab
  artifactKey: Guid(1117a01e11aa4c947b0e91cbef25f50c) Importer(815301076,1909f56bfc062723c751e8b465ee728b)
Start importing Assets/prefabs/coin Variant.prefab using Guid(1117a01e11aa4c947b0e91cbef25f50c) Importer(815301076,1909f56bfc062723c751e8b465ee728b)  -> (artifact id: '0351943c4b1ea2b5c50656b0c18bdcaf') in 0.008086 seconds
  Import took 0.035014 seconds .

========================================================================
Received Prepare
Registering precompiled user dll's ...
Registered in 0.000726 seconds.
Begin MonoManager ReloadAssembly
Native extension for WindowsStandalone target not found
Refreshing native plugins compatible for Editor in 0.45 ms, found 1 plugins.
Preloading 0 native plugins for Editor in 0.00 ms.
Invoked RoslynAnalysisRunner static constructor.
RoslynAnalysisRunner will not be running.
RoslynAnalysisRunner has terminated.
Mono: successfully reloaded assembly
- Completed reload, in  0.816 seconds
Platform modules already initialized, skipping
Refreshing native plugins compatible for Editor in 0.41 ms, found 1 plugins.
Preloading 0 native plugins for Editor in 0.00 ms.
Unloading 2288 Unused Serialized files (Serialized files now loaded: 0)
System memory in use before: 106.8 MB.
System memory in use after: 106.3 MB.

Unloading 26 unused Assets to reduce memory usage. Loaded Objects now: 2856.
Total: 2.496900 ms (FindLiveObjects: 0.256400 ms CreateObjectMapping: 0.113500 ms MarkObjects: 1.738300 ms  DeleteObjects: 0.387200 ms)

========================================================================
Received Prepare
Registering precompiled user dll's ...
Registered in 0.000700 seconds.
Begin MonoManager ReloadAssembly
Native extension for WindowsStandalone target not found
Refreshing native plugins compatible for Editor in 0.47 ms, found 1 plugins.
Preloading 0 native plugins for Editor in 0.00 ms.
Invoked RoslynAnalysisRunner static constructor.
RoslynAnalysisRunner will not be running.
RoslynAnalysisRunner has terminated.
Mono: successfully reloaded assembly
- Completed reload, in  0.818 seconds
Platform modules already initialized, skipping
Refreshing native plugins compatible for Editor in 0.40 ms, found 1 plugins.
Preloading 0 native plugins for Editor in 0.00 ms.
Unloading 2288 Unused Serialized files (Serialized files now loaded: 0)
System memory in use before: 106.8 MB.
System memory in use after: 106.3 MB.

Unloading 26 unused Assets to reduce memory usage. Loaded Objects now: 2859.
Total: 2.891600 ms (FindLiveObjects: 0.307600 ms CreateObjectMapping: 0.114800 ms MarkObjects: 2.061600 ms  DeleteObjects: 0.406400 ms)

========================================================================
Received Import Request.
  Time since last request: 188.688892 seconds.
  path: Assets/Scenes/Level 2.unity
  artifactKey: Guid(4f01f5ba022338e4c891e9fc20f4c800) Importer(815301076,1909f56bfc062723c751e8b465ee728b)
Start importing Assets/Scenes/Level 2.unity using Guid(4f01f5ba022338e4c891e9fc20f4c800) Importer(815301076,1909f56bfc062723c751e8b465ee728b)  -> (artifact id: '7ad4afb4f2eaec25543d5f4b867a6351') in 0.013986 seconds
  Import took 0.330833 seconds .

========================================================================
Received Prepare
Registering precompiled user dll's ...
Registered in 0.001035 seconds.
Begin MonoManager ReloadAssembly
Native extension for WindowsStandalone target not found
Refreshing native plugins compatible for Editor in 0.45 ms, found 1 plugins.
Preloading 0 native plugins for Editor in 0.00 ms.
Invoked RoslynAnalysisRunner static constructor.
RoslynAnalysisRunner will not be running.
RoslynAnalysisRunner has terminated.
Mono: successfully reloaded assembly
- Completed reload, in  0.806 seconds
Platform modules already initialized, skipping
Refreshing native plugins compatible for Editor in 0.85 ms, found 1 plugins.
Preloading 0 native plugins for Editor in 0.00 ms.
Unloading 2288 Unused Serialized files (Serialized files now loaded: 0)
System memory in use before: 106.8 MB.
System memory in use after: 106.3 MB.

Unloading 26 unused Assets to reduce memory usage. Loaded Objects now: 2862.
Total: 3.110100 ms (FindLiveObjects: 0.292800 ms CreateObjectMapping: 0.143600 ms MarkObjects: 2.224200 ms  DeleteObjects: 0.447900 ms)

========================================================================
Received Prepare
Registering precompiled user dll's ...
Registered in 0.000758 seconds.
Begin MonoManager ReloadAssembly
Native extension for WindowsStandalone target not found
Refreshing native plugins compatible for Editor in 0.55 ms, found 1 plugins.
Preloading 0 native plugins for Editor in 0.00 ms.
Invoked RoslynAnalysisRunner static constructor.
RoslynAnalysisRunner will not be running.
RoslynAnalysisRunner has terminated.
Mono: successfully reloaded assembly
- Completed reload, in  0.812 seconds
Platform modules already initialized, skipping
Refreshing native plugins compatible for Editor in 0.40 ms, found 1 plugins.
Preloading 0 native plugins for Editor in 0.00 ms.
Unloading 2288 Unused Serialized files (Serialized files now loaded: 0)
System memory in use before: 106.8 MB.
System memory in use after: 106.3 MB.

Unloading 26 unused Assets to reduce memory usage. Loaded Objects now: 2865.
Total: 3.044400 ms (FindLiveObjects: 0.378000 ms CreateObjectMapping: 0.165400 ms MarkObjects: 2.088400 ms  DeleteObjects: 0.411300 ms)

========================================================================
Received Import Request.
  Time since last request: 159.641618 seconds.
  path: ProjectSettings/TagManager.asset
  artifactKey: Guid(00000000000000003000000000000000) Importer(815301076,1909f56bfc062723c751e8b465ee728b)
Start importing ProjectSettings/TagManager.asset using Guid(00000000000000003000000000000000) Importer(815301076,1909f56bfc062723c751e8b465ee728b)  -> (artifact id: '517726ce08931b7b8995c07355e1afaf') in 0.036420 seconds
  Import took 0.054810 seconds .

========================================================================
Received Import Request.
  Time since last request: 0.011515 seconds.
  path: ProjectSettings/TagManager.asset
  artifactKey: Guid(00000000000000003000000000000000) Importer(815301076,1909f56bfc062723c751e8b465ee728b)
Start importing ProjectSettings/TagManager.asset using Guid(00000000000000003000000000000000) Importer(815301076,1909f56bfc062723c751e8b465ee728b)  -> (artifact id: '517726ce08931b7b8995c07355e1afaf') in 0.002444 seconds
  Import took 0.005904 seconds .

========================================================================
Received Prepare
Registering precompiled user dll's ...
Registered in 0.000719 seconds.
Begin MonoManager ReloadAssembly
Native extension for WindowsStandalone target not found
Refreshing native plugins compatible for Editor in 0.59 ms, found 1 plugins.
Preloading 0 native plugins for Editor in 0.00 ms.
Invoked RoslynAnalysisRunner static constructor.
RoslynAnalysisRunner will not be running.
RoslynAnalysisRunner has terminated.
Mono: successfully reloaded assembly
- Completed reload, in  0.832 seconds
Platform modules already initialized, skipping
Refreshing native plugins compatible for Editor in 0.40 ms, found 1 plugins.
Preloading 0 native plugins for Editor in 0.00 ms.
Unloading 2288 Unused Serialized files (Serialized files now loaded: 0)
System memory in use before: 106.8 MB.
System memory in use after: 106.3 MB.

Unloading 28 unused Assets to reduce memory usage. Loaded Objects now: 2868.
Total: 3.273300 ms (FindLiveObjects: 0.356200 ms CreateObjectMapping: 0.220500 ms MarkObjects: 2.297300 ms  DeleteObjects: 0.397800 ms)

========================================================================
Received Prepare
Registering precompiled user dll's ...
Registered in 0.000798 seconds.
Begin MonoManager ReloadAssembly
Native extension for WindowsStandalone target not found
Refreshing native plugins compatible for Editor in 0.48 ms, found 1 plugins.
Preloading 0 native plugins for Editor in 0.00 ms.
Invoked RoslynAnalysisRunner static constructor.
RoslynAnalysisRunner will not be running.
RoslynAnalysisRunner has terminated.
Mono: successfully reloaded assembly
- Completed reload, in  0.810 seconds
Platform modules already initialized, skipping
Refreshing native plugins compatible for Editor in 0.40 ms, found 1 plugins.
Preloading 0 native plugins for Editor in 0.00 ms.
Unloading 2288 Unused Serialized files (Serialized files now loaded: 0)
System memory in use before: 106.8 MB.
System memory in use after: 106.3 MB.

Unloading 26 unused Assets to reduce memory usage. Loaded Objects now: 2871.
Total: 2.989800 ms (FindLiveObjects: 0.420600 ms CreateObjectMapping: 0.140400 ms MarkObjects: 2.034400 ms  DeleteObjects: 0.392600 ms)

========================================================================
Received Prepare
Registering precompiled user dll's ...
Registered in 0.001319 seconds.
Begin MonoManager ReloadAssembly
Native extension for WindowsStandalone target not found
Refreshing native plugins compatible for Editor in 0.41 ms, found 1 plugins.
Preloading 0 native plugins for Editor in 0.00 ms.
Invoked RoslynAnalysisRunner static constructor.
RoslynAnalysisRunner will not be running.
RoslynAnalysisRunner has terminated.
Mono: successfully reloaded assembly
- Completed reload, in  0.801 seconds
Platform modules already initialized, skipping
Refreshing native plugins compatible for Editor in 0.44 ms, found 1 plugins.
Preloading 0 native plugins for Editor in 0.00 ms.
Unloading 2288 Unused Serialized files (Serialized files now loaded: 0)
System memory in use before: 106.9 MB.
System memory in use after: 106.3 MB.

Unloading 26 unused Assets to reduce memory usage. Loaded Objects now: 2874.
Total: 2.357800 ms (FindLiveObjects: 0.253000 ms CreateObjectMapping: 0.118800 ms MarkObjects: 1.615900 ms  DeleteObjects: 0.368900 ms)

========================================================================
Received Prepare
Registering precompiled user dll's ...
Registered in 0.000797 seconds.
Begin MonoManager ReloadAssembly
Native extension for WindowsStandalone target not found
Refreshing native plugins compatible for Editor in 0.48 ms, found 1 plugins.
Preloading 0 native plugins for Editor in 0.00 ms.
Invoked RoslynAnalysisRunner static constructor.
RoslynAnalysisRunner will not be running.
RoslynAnalysisRunner has terminated.
Mono: successfully reloaded assembly
- Completed reload, in  0.810 seconds
Platform modules already initialized, skipping
Refreshing native plugins compatible for Editor in 0.39 ms, found 1 plugins.
Preloading 0 native plugins for Editor in 0.00 ms.
Unloading 2288 Unused Serialized files (Serialized files now loaded: 0)
System memory in use before: 106.9 MB.
System memory in use after: 106.3 MB.

Unloading 26 unused Assets to reduce memory usage. Loaded Objects now: 2877.
Total: 3.289300 ms (FindLiveObjects: 0.502000 ms CreateObjectMapping: 0.325600 ms MarkObjects: 2.033500 ms  DeleteObjects: 0.426600 ms)

========================================================================
Received Prepare
Registering precompiled user dll's ...
Registered in 0.000824 seconds.
Begin MonoManager ReloadAssembly
Native extension for WindowsStandalone target not found
Refreshing native plugins compatible for Editor in 0.38 ms, found 1 plugins.
Preloading 0 native plugins for Editor in 0.00 ms.
Invoked RoslynAnalysisRunner static constructor.
RoslynAnalysisRunner will not be running.
RoslynAnalysisRunner has terminated.
Mono: successfully reloaded assembly
- Completed reload, in  0.816 seconds
Platform modules already initialized, skipping
Refreshing native plugins compatible for Editor in 0.58 ms, found 1 plugins.
Preloading 0 native plugins for Editor in 0.00 ms.
Unloading 2288 Unused Serialized files (Serialized files now loaded: 0)
System memory in use before: 106.9 MB.
System memory in use after: 106.4 MB.

Unloading 26 unused Assets to reduce memory usage. Loaded Objects now: 2880.
Total: 3.039600 ms (FindLiveObjects: 0.325600 ms CreateObjectMapping: 0.126100 ms MarkObjects: 2.156800 ms  DeleteObjects: 0.429800 ms)

AssetImportWorkerClient::OnTransportError - code=2 error=End of file
