Using pre-set license
Built from '2020.2/staging' branch; Version is '2020.2.7f1 (c53830e277f1) revision 12924976'; Using compiler version '192528614'; Build Type 'Release'
OS: 'Windows 10 Home; OS build 19044.1826; Version 2009; 64bit' Language: 'en' Physical Memory: 8030 MB
BatchMode: 1, IsHumanControllingUs: 0, StartBugReporterOnCrash: 0, Is64bit: 1, IsPro: 0

 COMMAND LINE ARGUMENTS:
C:\Program Files\Unity\Editor\Unity.exe
-adb2
-batchMode
-noUpm
-name
AssetImportWorker0
-projectPath
D:/project/unity/Cardel
-logFile
Logs/AssetImportWorker0.log
-srvPort
12925
Successfully changed project path to: D:/project/unity/Cardel
D:/project/unity/Cardel
Using Asset Import Pipeline V2.
Refreshing native plugins compatible for Editor in 67.51 ms, found 1 plugins.
Preloading 0 native plugins for Editor in 0.00 ms.
Initialize engine version: 2020.2.7f1 (c53830e277f1)
[Subsystems] Discovering subsystems at path C:/Program Files/Unity/Editor/Data/Resources/UnitySubsystems
[Subsystems] Discovering subsystems at path D:/project/unity/Cardel/Assets
GfxDevice: creating device client; threaded=0
Direct3D:
    Version:  Direct3D 11.0 [level 11.1]
    Renderer: NVIDIA GeForce GTX 1660 Ti (ID=0x2191)
    Vendor:   
    VRAM:     5991 MB
    Driver:   31.0.15.1640
Initialize mono
Mono path[0] = 'C:/Program Files/Unity/Editor/Data/Managed'
Mono path[1] = 'C:/Program Files/Unity/Editor/Data/MonoBleedingEdge/lib/mono/unityjit'
Mono config path = 'C:/Program Files/Unity/Editor/Data/MonoBleedingEdge/etc'
Using monoOptions --debugger-agent=transport=dt_socket,embedding=1,server=y,suspend=n,address=127.0.0.1:56144
Begin MonoManager ReloadAssembly
Registering precompiled unity dll's ...
Register platform support module: C:/Program Files/Unity/Editor/Data/PlaybackEngines/WindowsStandaloneSupport/UnityEditor.WindowsStandalone.Extensions.dll
Registered in 0.002754 seconds.
Native extension for WindowsStandalone target not found
Refreshing native plugins compatible for Editor in 57.21 ms, found 1 plugins.
Preloading 0 native plugins for Editor in 0.00 ms.
Invoked RoslynAnalysisRunner static constructor.
RoslynAnalysisRunner will not be running.
RoslynAnalysisRunner has terminated.
Mono: successfully reloaded assembly
- Completed reload, in  1.705 seconds
Platform modules already initialized, skipping
Registering precompiled user dll's ...
Registered in 0.001512 seconds.
Begin MonoManager ReloadAssembly
Native extension for WindowsStandalone target not found
Refreshing native plugins compatible for Editor in 62.61 ms, found 1 plugins.
Preloading 0 native plugins for Editor in 0.00 ms.
Invoked RoslynAnalysisRunner static constructor.
RoslynAnalysisRunner will not be running.
RoslynAnalysisRunner has terminated.
Mono: successfully reloaded assembly
- Completed reload, in  1.436 seconds
Platform modules already initialized, skipping
========================================================================
Worker process is ready to serve import requests
Launched and connected shader compiler UnityShaderCompiler.exe after 0.06 seconds
Refreshing native plugins compatible for Editor in 0.37 ms, found 1 plugins.
Preloading 0 native plugins for Editor in 0.00 ms.
Unloading 1810 Unused Serialized files (Serialized files now loaded: 0)
System memory in use before: 84.9 MB.
System memory in use after: 84.9 MB.

Unloading 24 unused Assets to reduce memory usage. Loaded Objects now: 2253.
Total: 3.681800 ms (FindLiveObjects: 0.511500 ms CreateObjectMapping: 0.382500 ms MarkObjects: 2.560500 ms  DeleteObjects: 0.225800 ms)

========================================================================
Received Import Request.
  path: Assets/scripts/Car.cs
  artifactKey: Guid(72b43516202305a4291bf533660ea1d8) Importer(815301076,1909f56bfc062723c751e8b465ee728b)
Start importing Assets/scripts/Car.cs using Guid(72b43516202305a4291bf533660ea1d8) Importer(815301076,1909f56bfc062723c751e8b465ee728b)  -> (artifact id: '47f979d9f621af7ec2b265ed2e94356e') in 0.027813 seconds
  Import took 0.054996 seconds .

========================================================================
Received Import Request.
  Time since last request: 6.356528 seconds.
  path: Assets/scripts/Car.cs
  artifactKey: Guid(72b43516202305a4291bf533660ea1d8) Importer(815301076,1909f56bfc062723c751e8b465ee728b)
Start importing Assets/scripts/Car.cs using Guid(72b43516202305a4291bf533660ea1d8) Importer(815301076,1909f56bfc062723c751e8b465ee728b)  -> (artifact id: 'b52669906326c206ac039f6e4fbcc161') in 0.002103 seconds
  Import took 0.007036 seconds .

========================================================================
Received Prepare
Registering precompiled user dll's ...
Registered in 0.000927 seconds.
Begin MonoManager ReloadAssembly
Native extension for WindowsStandalone target not found
Refreshing native plugins compatible for Editor in 0.49 ms, found 1 plugins.
Preloading 0 native plugins for Editor in 0.00 ms.
Invoked RoslynAnalysisRunner static constructor.
RoslynAnalysisRunner will not be running.
RoslynAnalysisRunner has terminated.
Mono: successfully reloaded assembly
- Completed reload, in  1.340 seconds
Platform modules already initialized, skipping
Refreshing native plugins compatible for Editor in 0.48 ms, found 1 plugins.
Preloading 0 native plugins for Editor in 0.00 ms.
Unloading 1805 Unused Serialized files (Serialized files now loaded: 0)
System memory in use before: 84.9 MB.
System memory in use after: 84.9 MB.

Unloading 12 unused Assets to reduce memory usage. Loaded Objects now: 2257.
Total: 2.517100 ms (FindLiveObjects: 0.287400 ms CreateObjectMapping: 0.120400 ms MarkObjects: 1.954000 ms  DeleteObjects: 0.154200 ms)

========================================================================
Received Prepare
Registering precompiled user dll's ...
Registered in 0.000995 seconds.
Begin MonoManager ReloadAssembly
Native extension for WindowsStandalone target not found
Refreshing native plugins compatible for Editor in 0.45 ms, found 1 plugins.
Preloading 0 native plugins for Editor in 0.00 ms.
Invoked RoslynAnalysisRunner static constructor.
RoslynAnalysisRunner will not be running.
RoslynAnalysisRunner has terminated.
Mono: successfully reloaded assembly
- Completed reload, in  1.000 seconds
Platform modules already initialized, skipping
Refreshing native plugins compatible for Editor in 0.51 ms, found 1 plugins.
Preloading 0 native plugins for Editor in 0.00 ms.
Unloading 1805 Unused Serialized files (Serialized files now loaded: 0)
System memory in use before: 84.9 MB.
System memory in use after: 84.9 MB.

Unloading 12 unused Assets to reduce memory usage. Loaded Objects now: 2261.
Total: 3.564400 ms (FindLiveObjects: 0.475900 ms CreateObjectMapping: 0.234600 ms MarkObjects: 2.659900 ms  DeleteObjects: 0.191700 ms)

========================================================================
Received Prepare
Registering precompiled user dll's ...
Registered in 0.001080 seconds.
Begin MonoManager ReloadAssembly
Native extension for WindowsStandalone target not found
Refreshing native plugins compatible for Editor in 0.44 ms, found 1 plugins.
Preloading 0 native plugins for Editor in 0.00 ms.
Invoked RoslynAnalysisRunner static constructor.
RoslynAnalysisRunner will not be running.
RoslynAnalysisRunner has terminated.
Mono: successfully reloaded assembly
- Completed reload, in  1.159 seconds
Platform modules already initialized, skipping
Refreshing native plugins compatible for Editor in 0.40 ms, found 1 plugins.
Preloading 0 native plugins for Editor in 0.00 ms.
Unloading 1805 Unused Serialized files (Serialized files now loaded: 0)
System memory in use before: 85.0 MB.
System memory in use after: 85.0 MB.

Unloading 12 unused Assets to reduce memory usage. Loaded Objects now: 2265.
Total: 2.627500 ms (FindLiveObjects: 0.483400 ms CreateObjectMapping: 0.164000 ms MarkObjects: 1.797600 ms  DeleteObjects: 0.181400 ms)

========================================================================
Received Prepare
Registering precompiled user dll's ...
Registered in 0.001418 seconds.
Begin MonoManager ReloadAssembly
Native extension for WindowsStandalone target not found
Refreshing native plugins compatible for Editor in 0.49 ms, found 1 plugins.
Preloading 0 native plugins for Editor in 0.00 ms.
Invoked RoslynAnalysisRunner static constructor.
RoslynAnalysisRunner will not be running.
RoslynAnalysisRunner has terminated.
Mono: successfully reloaded assembly
- Completed reload, in  1.090 seconds
Platform modules already initialized, skipping
Refreshing native plugins compatible for Editor in 0.48 ms, found 1 plugins.
Preloading 0 native plugins for Editor in 0.00 ms.
Unloading 1803 Unused Serialized files (Serialized files now loaded: 0)
System memory in use before: 84.9 MB.
System memory in use after: 84.9 MB.

Unloading 14 unused Assets to reduce memory usage. Loaded Objects now: 2267.
Total: 2.778800 ms (FindLiveObjects: 0.285100 ms CreateObjectMapping: 0.119900 ms MarkObjects: 2.218900 ms  DeleteObjects: 0.153100 ms)

========================================================================
Received Prepare
Registering precompiled user dll's ...
Registered in 0.000664 seconds.
Begin MonoManager ReloadAssembly
Native extension for WindowsStandalone target not found
Refreshing native plugins compatible for Editor in 0.46 ms, found 1 plugins.
Preloading 0 native plugins for Editor in 0.00 ms.
Invoked RoslynAnalysisRunner static constructor.
RoslynAnalysisRunner will not be running.
RoslynAnalysisRunner has terminated.
Mono: successfully reloaded assembly
- Completed reload, in  1.058 seconds
Platform modules already initialized, skipping
Refreshing native plugins compatible for Editor in 0.75 ms, found 1 plugins.
Preloading 0 native plugins for Editor in 0.00 ms.
Unloading 1803 Unused Serialized files (Serialized files now loaded: 0)
System memory in use before: 85.0 MB.
System memory in use after: 84.9 MB.

Unloading 12 unused Assets to reduce memory usage. Loaded Objects now: 2271.
Total: 5.194900 ms (FindLiveObjects: 0.409300 ms CreateObjectMapping: 0.192500 ms MarkObjects: 4.250900 ms  DeleteObjects: 0.340100 ms)

========================================================================
Received Import Request.
  Time since last request: 378.080503 seconds.
  path: Assets/scripts/Delivery.cs
  artifactKey: Guid(9af725a9c26c9ca45a990ed8362a100d) Importer(815301076,1909f56bfc062723c751e8b465ee728b)
Start importing Assets/scripts/Delivery.cs using Guid(9af725a9c26c9ca45a990ed8362a100d) Importer(815301076,1909f56bfc062723c751e8b465ee728b)  -> (artifact id: '7feee859f0501494591700592c18ea12') in 0.020430 seconds
  Import took 0.117650 seconds .

========================================================================
Received Prepare
Registering precompiled user dll's ...
Registered in 0.000877 seconds.
Begin MonoManager ReloadAssembly
Native extension for WindowsStandalone target not found
Refreshing native plugins compatible for Editor in 0.45 ms, found 1 plugins.
Preloading 0 native plugins for Editor in 0.00 ms.
Invoked RoslynAnalysisRunner static constructor.
RoslynAnalysisRunner will not be running.
RoslynAnalysisRunner has terminated.
Mono: successfully reloaded assembly
- Completed reload, in  1.158 seconds
Platform modules already initialized, skipping
Refreshing native plugins compatible for Editor in 0.49 ms, found 1 plugins.
Preloading 0 native plugins for Editor in 0.00 ms.
Unloading 1804 Unused Serialized files (Serialized files now loaded: 0)
System memory in use before: 85.0 MB.
System memory in use after: 85.0 MB.

Unloading 12 unused Assets to reduce memory usage. Loaded Objects now: 2276.
Total: 4.031300 ms (FindLiveObjects: 0.534600 ms CreateObjectMapping: 0.209800 ms MarkObjects: 3.096000 ms  DeleteObjects: 0.189000 ms)

========================================================================
Received Prepare
Registering precompiled user dll's ...
Registered in 0.001182 seconds.
Begin MonoManager ReloadAssembly
Native extension for WindowsStandalone target not found
Refreshing native plugins compatible for Editor in 0.44 ms, found 1 plugins.
Preloading 0 native plugins for Editor in 0.00 ms.
Invoked RoslynAnalysisRunner static constructor.
RoslynAnalysisRunner will not be running.
RoslynAnalysisRunner has terminated.
Mono: successfully reloaded assembly
- Completed reload, in  1.155 seconds
Platform modules already initialized, skipping
Refreshing native plugins compatible for Editor in 0.43 ms, found 1 plugins.
Preloading 0 native plugins for Editor in 0.00 ms.
Unloading 1804 Unused Serialized files (Serialized files now loaded: 0)
System memory in use before: 85.0 MB.
System memory in use after: 85.0 MB.

Unloading 12 unused Assets to reduce memory usage. Loaded Objects now: 2280.
Total: 2.875500 ms (FindLiveObjects: 0.924200 ms CreateObjectMapping: 0.093800 ms MarkObjects: 1.681300 ms  DeleteObjects: 0.174700 ms)

========================================================================
Received Import Request.
  Time since last request: 141.227747 seconds.
  path: Assets/scripts/Delivery.cs
  artifactKey: Guid(9af725a9c26c9ca45a990ed8362a100d) Importer(815301076,1909f56bfc062723c751e8b465ee728b)
Start importing Assets/scripts/Delivery.cs using Guid(9af725a9c26c9ca45a990ed8362a100d) Importer(815301076,1909f56bfc062723c751e8b465ee728b)  -> (artifact id: '327b381bbc86ad71a0fc2b649c5cb17b') in 0.004648 seconds
  Import took 0.105175 seconds .

========================================================================
Received Import Request.
  Time since last request: 404.373005 seconds.
  path: Assets/scripts/camera.cs
  artifactKey: Guid(be42473557c43c94ea82fcb09aca3b98) Importer(815301076,1909f56bfc062723c751e8b465ee728b)
Start importing Assets/scripts/camera.cs using Guid(be42473557c43c94ea82fcb09aca3b98) Importer(815301076,1909f56bfc062723c751e8b465ee728b)  -> (artifact id: '559a2893305fc4a61f743ef7d92508a8') in 0.008608 seconds
  Import took 0.030883 seconds .

========================================================================
Received Import Request.
  Time since last request: 42.876219 seconds.
  path: ProjectSettings/TagManager.asset
  artifactKey: Guid(00000000000000003000000000000000) Importer(815301076,1909f56bfc062723c751e8b465ee728b)
Start importing ProjectSettings/TagManager.asset using Guid(00000000000000003000000000000000) Importer(815301076,1909f56bfc062723c751e8b465ee728b)  -> (artifact id: '48bee843c698d9ab3dae6dfd10a6554a') in 0.053854 seconds
  Import took 0.063486 seconds .

========================================================================
Received Import Request.
  Time since last request: 0.014467 seconds.
  path: ProjectSettings/TagManager.asset
  artifactKey: Guid(00000000000000003000000000000000) Importer(815301076,1909f56bfc062723c751e8b465ee728b)
Start importing ProjectSettings/TagManager.asset using Guid(00000000000000003000000000000000) Importer(815301076,1909f56bfc062723c751e8b465ee728b)  -> (artifact id: '48bee843c698d9ab3dae6dfd10a6554a') in 0.005872 seconds
  Import took 0.014993 seconds .

========================================================================
Received Prepare
Registering precompiled user dll's ...
Registered in 0.013378 seconds.
Begin MonoManager ReloadAssembly
Native extension for WindowsStandalone target not found
Refreshing native plugins compatible for Editor in 0.54 ms, found 1 plugins.
Preloading 0 native plugins for Editor in 0.00 ms.
Invoked RoslynAnalysisRunner static constructor.
RoslynAnalysisRunner will not be running.
RoslynAnalysisRunner has terminated.
Mono: successfully reloaded assembly
- Completed reload, in  1.149 seconds
Platform modules already initialized, skipping
Refreshing native plugins compatible for Editor in 1.16 ms, found 1 plugins.
Preloading 0 native plugins for Editor in 0.00 ms.
Unloading 1804 Unused Serialized files (Serialized files now loaded: 0)
System memory in use before: 85.0 MB.
System memory in use after: 85.0 MB.

Unloading 14 unused Assets to reduce memory usage. Loaded Objects now: 2284.
Total: 6.143800 ms (FindLiveObjects: 0.523300 ms CreateObjectMapping: 0.249600 ms MarkObjects: 5.034900 ms  DeleteObjects: 0.333000 ms)

========================================================================
Received Import Request.
  Time since last request: 429.764209 seconds.
  path: Assets/scripts/Delivery.cs
  artifactKey: Guid(9af725a9c26c9ca45a990ed8362a100d) Importer(815301076,1909f56bfc062723c751e8b465ee728b)
Start importing Assets/scripts/Delivery.cs using Guid(9af725a9c26c9ca45a990ed8362a100d) Importer(815301076,1909f56bfc062723c751e8b465ee728b)  -> (artifact id: '48289e91b8136162841c3ce1a92a0665') in 0.006059 seconds
  Import took 0.010959 seconds .

========================================================================
Received Import Request.
  Time since last request: 0.003566 seconds.
  path: Assets/scripts/Delivery.cs
  artifactKey: Guid(9af725a9c26c9ca45a990ed8362a100d) Importer(815301076,1909f56bfc062723c751e8b465ee728b)
Start importing Assets/scripts/Delivery.cs using Guid(9af725a9c26c9ca45a990ed8362a100d) Importer(815301076,1909f56bfc062723c751e8b465ee728b)  -> (artifact id: '48289e91b8136162841c3ce1a92a0665') in 0.002602 seconds
  Import took 0.006790 seconds .

========================================================================
Received Prepare
Registering precompiled user dll's ...
Registered in 0.000934 seconds.
Begin MonoManager ReloadAssembly
Native extension for WindowsStandalone target not found
Refreshing native plugins compatible for Editor in 0.36 ms, found 1 plugins.
Preloading 0 native plugins for Editor in 0.00 ms.
Invoked RoslynAnalysisRunner static constructor.
RoslynAnalysisRunner will not be running.
RoslynAnalysisRunner has terminated.
Mono: successfully reloaded assembly
- Completed reload, in  0.946 seconds
Platform modules already initialized, skipping
Refreshing native plugins compatible for Editor in 0.43 ms, found 1 plugins.
Preloading 0 native plugins for Editor in 0.00 ms.
Unloading 1804 Unused Serialized files (Serialized files now loaded: 0)
System memory in use before: 85.0 MB.
System memory in use after: 85.0 MB.

Unloading 12 unused Assets to reduce memory usage. Loaded Objects now: 2288.
Total: 3.093700 ms (FindLiveObjects: 0.595200 ms CreateObjectMapping: 0.247400 ms MarkObjects: 2.076700 ms  DeleteObjects: 0.173300 ms)

========================================================================
Received Prepare
Registering precompiled user dll's ...
Registered in 0.000825 seconds.
Begin MonoManager ReloadAssembly
Native extension for WindowsStandalone target not found
Refreshing native plugins compatible for Editor in 0.43 ms, found 1 plugins.
Preloading 0 native plugins for Editor in 0.00 ms.
Invoked RoslynAnalysisRunner static constructor.
RoslynAnalysisRunner will not be running.
RoslynAnalysisRunner has terminated.
Mono: successfully reloaded assembly
- Completed reload, in  0.977 seconds
Platform modules already initialized, skipping
Refreshing native plugins compatible for Editor in 0.38 ms, found 1 plugins.
Preloading 0 native plugins for Editor in 0.00 ms.
Unloading 1804 Unused Serialized files (Serialized files now loaded: 0)
System memory in use before: 85.0 MB.
System memory in use after: 85.0 MB.

Unloading 12 unused Assets to reduce memory usage. Loaded Objects now: 2292.
Total: 2.667000 ms (FindLiveObjects: 0.274200 ms CreateObjectMapping: 0.125900 ms MarkObjects: 2.143600 ms  DeleteObjects: 0.122100 ms)

========================================================================
Received Prepare
Registering precompiled user dll's ...
Registered in 0.000784 seconds.
Begin MonoManager ReloadAssembly
Native extension for WindowsStandalone target not found
Refreshing native plugins compatible for Editor in 0.40 ms, found 1 plugins.
Preloading 0 native plugins for Editor in 0.00 ms.
Invoked RoslynAnalysisRunner static constructor.
RoslynAnalysisRunner will not be running.
RoslynAnalysisRunner has terminated.
Mono: successfully reloaded assembly
- Completed reload, in  1.014 seconds
Platform modules already initialized, skipping
Refreshing native plugins compatible for Editor in 0.48 ms, found 1 plugins.
Preloading 0 native plugins for Editor in 0.00 ms.
Unloading 1804 Unused Serialized files (Serialized files now loaded: 0)
System memory in use before: 85.0 MB.
System memory in use after: 85.0 MB.

Unloading 12 unused Assets to reduce memory usage. Loaded Objects now: 2296.
Total: 4.455700 ms (FindLiveObjects: 0.413700 ms CreateObjectMapping: 0.188000 ms MarkObjects: 3.641900 ms  DeleteObjects: 0.210400 ms)

========================================================================
Received Prepare
Registering precompiled user dll's ...
Registered in 0.000918 seconds.
Begin MonoManager ReloadAssembly
Native extension for WindowsStandalone target not found
Refreshing native plugins compatible for Editor in 0.43 ms, found 1 plugins.
Preloading 0 native plugins for Editor in 0.00 ms.
Invoked RoslynAnalysisRunner static constructor.
RoslynAnalysisRunner will not be running.
RoslynAnalysisRunner has terminated.
Mono: successfully reloaded assembly
- Completed reload, in  1.052 seconds
Platform modules already initialized, skipping
Refreshing native plugins compatible for Editor in 0.47 ms, found 1 plugins.
Preloading 0 native plugins for Editor in 0.00 ms.
Unloading 1804 Unused Serialized files (Serialized files now loaded: 0)
System memory in use before: 85.0 MB.
System memory in use after: 85.0 MB.

Unloading 12 unused Assets to reduce memory usage. Loaded Objects now: 2300.
Total: 3.579700 ms (FindLiveObjects: 0.408000 ms CreateObjectMapping: 0.190100 ms MarkObjects: 2.776800 ms  DeleteObjects: 0.202800 ms)

========================================================================
Received Prepare
Registering precompiled user dll's ...
Registered in 0.000520 seconds.
Begin MonoManager ReloadAssembly
Native extension for WindowsStandalone target not found
Refreshing native plugins compatible for Editor in 0.31 ms, found 1 plugins.
Preloading 0 native plugins for Editor in 0.00 ms.
Invoked RoslynAnalysisRunner static constructor.
RoslynAnalysisRunner will not be running.
RoslynAnalysisRunner has terminated.
Mono: successfully reloaded assembly
- Completed reload, in  0.676 seconds
Platform modules already initialized, skipping
Refreshing native plugins compatible for Editor in 0.34 ms, found 1 plugins.
Preloading 0 native plugins for Editor in 0.00 ms.
Unloading 1804 Unused Serialized files (Serialized files now loaded: 0)
System memory in use before: 85.0 MB.
System memory in use after: 85.0 MB.

Unloading 12 unused Assets to reduce memory usage. Loaded Objects now: 2304.
Total: 1.980000 ms (FindLiveObjects: 0.205100 ms CreateObjectMapping: 0.076300 ms MarkObjects: 1.596700 ms  DeleteObjects: 0.100400 ms)

========================================================================
Received Prepare
Registering precompiled user dll's ...
Registered in 0.000730 seconds.
Begin MonoManager ReloadAssembly
Native extension for WindowsStandalone target not found
Refreshing native plugins compatible for Editor in 0.30 ms, found 1 plugins.
Preloading 0 native plugins for Editor in 0.00 ms.
Invoked RoslynAnalysisRunner static constructor.
RoslynAnalysisRunner will not be running.
RoslynAnalysisRunner has terminated.
Mono: successfully reloaded assembly
- Completed reload, in  0.695 seconds
Platform modules already initialized, skipping
Refreshing native plugins compatible for Editor in 0.42 ms, found 1 plugins.
Preloading 0 native plugins for Editor in 0.00 ms.
Unloading 1804 Unused Serialized files (Serialized files now loaded: 0)
System memory in use before: 85.1 MB.
System memory in use after: 85.1 MB.

Unloading 12 unused Assets to reduce memory usage. Loaded Objects now: 2308.
Total: 2.247700 ms (FindLiveObjects: 0.263600 ms CreateObjectMapping: 0.121000 ms MarkObjects: 1.765900 ms  DeleteObjects: 0.096300 ms)

========================================================================
Received Prepare
Registering precompiled user dll's ...
Registered in 0.000822 seconds.
Begin MonoManager ReloadAssembly
Native extension for WindowsStandalone target not found
Refreshing native plugins compatible for Editor in 0.31 ms, found 1 plugins.
Preloading 0 native plugins for Editor in 0.00 ms.
Invoked RoslynAnalysisRunner static constructor.
RoslynAnalysisRunner will not be running.
RoslynAnalysisRunner has terminated.
Mono: successfully reloaded assembly
- Completed reload, in  0.729 seconds
Platform modules already initialized, skipping
Refreshing native plugins compatible for Editor in 0.35 ms, found 1 plugins.
Preloading 0 native plugins for Editor in 0.00 ms.
Unloading 1804 Unused Serialized files (Serialized files now loaded: 0)
System memory in use before: 85.1 MB.
System memory in use after: 85.1 MB.

Unloading 12 unused Assets to reduce memory usage. Loaded Objects now: 2312.
Total: 1.737400 ms (FindLiveObjects: 0.194800 ms CreateObjectMapping: 0.060100 ms MarkObjects: 1.373400 ms  DeleteObjects: 0.107900 ms)

========================================================================
Received Prepare
Registering precompiled user dll's ...
Registered in 0.000642 seconds.
Begin MonoManager ReloadAssembly
Native extension for WindowsStandalone target not found
Refreshing native plugins compatible for Editor in 0.30 ms, found 1 plugins.
Preloading 0 native plugins for Editor in 0.00 ms.
Invoked RoslynAnalysisRunner static constructor.
RoslynAnalysisRunner will not be running.
RoslynAnalysisRunner has terminated.
Mono: successfully reloaded assembly
- Completed reload, in  0.686 seconds
Platform modules already initialized, skipping
Refreshing native plugins compatible for Editor in 0.32 ms, found 1 plugins.
Preloading 0 native plugins for Editor in 0.00 ms.
Unloading 1804 Unused Serialized files (Serialized files now loaded: 0)
System memory in use before: 85.1 MB.
System memory in use after: 85.1 MB.

Unloading 12 unused Assets to reduce memory usage. Loaded Objects now: 2316.
Total: 1.786600 ms (FindLiveObjects: 0.240500 ms CreateObjectMapping: 0.091400 ms MarkObjects: 1.359500 ms  DeleteObjects: 0.094100 ms)

========================================================================
Received Prepare
Registering precompiled user dll's ...
Registered in 0.000569 seconds.
Begin MonoManager ReloadAssembly
Native extension for WindowsStandalone target not found
Refreshing native plugins compatible for Editor in 0.31 ms, found 1 plugins.
Preloading 0 native plugins for Editor in 0.00 ms.
Invoked RoslynAnalysisRunner static constructor.
RoslynAnalysisRunner will not be running.
RoslynAnalysisRunner has terminated.
Mono: successfully reloaded assembly
- Completed reload, in  0.668 seconds
Platform modules already initialized, skipping
Refreshing native plugins compatible for Editor in 0.32 ms, found 1 plugins.
Preloading 0 native plugins for Editor in 0.00 ms.
Unloading 1804 Unused Serialized files (Serialized files now loaded: 0)
System memory in use before: 85.1 MB.
System memory in use after: 85.1 MB.

Unloading 12 unused Assets to reduce memory usage. Loaded Objects now: 2320.
Total: 2.108200 ms (FindLiveObjects: 0.408900 ms CreateObjectMapping: 0.169300 ms MarkObjects: 1.429900 ms  DeleteObjects: 0.098200 ms)

========================================================================
Received Prepare
Registering precompiled user dll's ...
Registered in 0.000605 seconds.
Begin MonoManager ReloadAssembly
Native extension for WindowsStandalone target not found
Refreshing native plugins compatible for Editor in 0.31 ms, found 1 plugins.
Preloading 0 native plugins for Editor in 0.00 ms.
Invoked RoslynAnalysisRunner static constructor.
RoslynAnalysisRunner will not be running.
RoslynAnalysisRunner has terminated.
Mono: successfully reloaded assembly
- Completed reload, in  0.701 seconds
Platform modules already initialized, skipping
Refreshing native plugins compatible for Editor in 0.36 ms, found 1 plugins.
Preloading 0 native plugins for Editor in 0.00 ms.
Unloading 1804 Unused Serialized files (Serialized files now loaded: 0)
System memory in use before: 85.1 MB.
System memory in use after: 85.1 MB.

Unloading 12 unused Assets to reduce memory usage. Loaded Objects now: 2324.
Total: 1.998700 ms (FindLiveObjects: 0.352700 ms CreateObjectMapping: 0.149600 ms MarkObjects: 1.403500 ms  DeleteObjects: 0.092000 ms)

========================================================================
Received Prepare
Registering precompiled user dll's ...
Registered in 0.000510 seconds.
Begin MonoManager ReloadAssembly
Native extension for WindowsStandalone target not found
Refreshing native plugins compatible for Editor in 0.30 ms, found 1 plugins.
Preloading 0 native plugins for Editor in 0.00 ms.
Invoked RoslynAnalysisRunner static constructor.
RoslynAnalysisRunner will not be running.
RoslynAnalysisRunner has terminated.
Mono: successfully reloaded assembly
- Completed reload, in  0.700 seconds
Platform modules already initialized, skipping
Refreshing native plugins compatible for Editor in 0.38 ms, found 1 plugins.
Preloading 0 native plugins for Editor in 0.00 ms.
Unloading 1804 Unused Serialized files (Serialized files now loaded: 0)
System memory in use before: 85.1 MB.
System memory in use after: 85.1 MB.

Unloading 12 unused Assets to reduce memory usage. Loaded Objects now: 2328.
Total: 1.781700 ms (FindLiveObjects: 0.235500 ms CreateObjectMapping: 0.075100 ms MarkObjects: 1.379700 ms  DeleteObjects: 0.090200 ms)

========================================================================
Received Prepare
Registering precompiled user dll's ...
Registered in 0.000632 seconds.
Begin MonoManager ReloadAssembly
Native extension for WindowsStandalone target not found
Refreshing native plugins compatible for Editor in 0.38 ms, found 1 plugins.
Preloading 0 native plugins for Editor in 0.00 ms.
Invoked RoslynAnalysisRunner static constructor.
RoslynAnalysisRunner will not be running.
RoslynAnalysisRunner has terminated.
Mono: successfully reloaded assembly
- Completed reload, in  0.730 seconds
Platform modules already initialized, skipping
Refreshing native plugins compatible for Editor in 0.32 ms, found 1 plugins.
Preloading 0 native plugins for Editor in 0.00 ms.
Unloading 1804 Unused Serialized files (Serialized files now loaded: 0)
System memory in use before: 85.1 MB.
System memory in use after: 85.1 MB.

Unloading 12 unused Assets to reduce memory usage. Loaded Objects now: 2332.
Total: 1.919600 ms (FindLiveObjects: 0.232500 ms CreateObjectMapping: 0.083700 ms MarkObjects: 1.503900 ms  DeleteObjects: 0.098900 ms)

========================================================================
Received Prepare
Registering precompiled user dll's ...
Registered in 0.000749 seconds.
Begin MonoManager ReloadAssembly
Native extension for WindowsStandalone target not found
Refreshing native plugins compatible for Editor in 0.39 ms, found 1 plugins.
Preloading 0 native plugins for Editor in 0.00 ms.
Invoked RoslynAnalysisRunner static constructor.
RoslynAnalysisRunner will not be running.
RoslynAnalysisRunner has terminated.
Mono: successfully reloaded assembly
- Completed reload, in  0.870 seconds
Platform modules already initialized, skipping
Refreshing native plugins compatible for Editor in 0.54 ms, found 1 plugins.
Preloading 0 native plugins for Editor in 0.00 ms.
Unloading 1804 Unused Serialized files (Serialized files now loaded: 0)
System memory in use before: 85.1 MB.
System memory in use after: 85.1 MB.

Unloading 12 unused Assets to reduce memory usage. Loaded Objects now: 2336.
Total: 4.176400 ms (FindLiveObjects: 0.342100 ms CreateObjectMapping: 0.153400 ms MarkObjects: 3.050900 ms  DeleteObjects: 0.628600 ms)

========================================================================
Received Prepare
Registering precompiled user dll's ...
Registered in 0.000666 seconds.
Begin MonoManager ReloadAssembly
Native extension for WindowsStandalone target not found
Refreshing native plugins compatible for Editor in 0.31 ms, found 1 plugins.
Preloading 0 native plugins for Editor in 0.00 ms.
Invoked RoslynAnalysisRunner static constructor.
RoslynAnalysisRunner will not be running.
RoslynAnalysisRunner has terminated.
Mono: successfully reloaded assembly
- Completed reload, in  0.680 seconds
Platform modules already initialized, skipping
Refreshing native plugins compatible for Editor in 0.32 ms, found 1 plugins.
Preloading 0 native plugins for Editor in 0.00 ms.
Unloading 1804 Unused Serialized files (Serialized files now loaded: 0)
System memory in use before: 85.1 MB.
System memory in use after: 85.1 MB.

Unloading 12 unused Assets to reduce memory usage. Loaded Objects now: 2340.
Total: 1.985900 ms (FindLiveObjects: 0.211600 ms CreateObjectMapping: 0.069300 ms MarkObjects: 1.603500 ms  DeleteObjects: 0.100000 ms)

========================================================================
Received Import Request.
  Time since last request: 13148.180441 seconds.
  path: Assets/Delivery Driver Assets/kisspng-electricity-computer-icons-symbol-electricity-5abd333f604e93.4710989215223488633945.png
  artifactKey: Guid(51b34875eb0fbe64994e3bd7c300eaf1) Importer(815301076,1909f56bfc062723c751e8b465ee728b)
Start importing Assets/Delivery Driver Assets/kisspng-electricity-computer-icons-symbol-electricity-5abd333f604e93.4710989215223488633945.png using Guid(51b34875eb0fbe64994e3bd7c300eaf1) Importer(815301076,1909f56bfc062723c751e8b465ee728b)  -> (artifact id: 'cc2bf64be61664c6824797db46bc2524') in 0.087132 seconds
  Import took 0.102708 seconds .

========================================================================
Received Import Request.
  Time since last request: 24.626157 seconds.
  path: Assets/Delivery Driver Assets/kisspng-electricity-computer-icons-symbol-electricity-5abd333f604e93.4710989215223488633945.png
  artifactKey: Guid(51b34875eb0fbe64994e3bd7c300eaf1) Importer(815301076,1909f56bfc062723c751e8b465ee728b)
Start importing Assets/Delivery Driver Assets/kisspng-electricity-computer-icons-symbol-electricity-5abd333f604e93.4710989215223488633945.png using Guid(51b34875eb0fbe64994e3bd7c300eaf1) Importer(815301076,1909f56bfc062723c751e8b465ee728b)  -> (artifact id: '3c7a8394f54a7373017f1c8b2d3b6be9') in 0.011173 seconds
  Import took 0.046398 seconds .

========================================================================
Received Import Request.
  Time since last request: 14.998757 seconds.
  path: Assets/Delivery Driver Assets/kisspng-electricity-computer-icons-symbol-electricity-5abd333f604e93.4710989215223488633945.png
  artifactKey: Guid(51b34875eb0fbe64994e3bd7c300eaf1) Importer(815301076,1909f56bfc062723c751e8b465ee728b)
Start importing Assets/Delivery Driver Assets/kisspng-electricity-computer-icons-symbol-electricity-5abd333f604e93.4710989215223488633945.png using Guid(51b34875eb0fbe64994e3bd7c300eaf1) Importer(815301076,1909f56bfc062723c751e8b465ee728b)  -> (artifact id: 'e1c36c36bbe63e3eae69bf3b1af47911') in 0.011966 seconds
  Import took 0.062505 seconds .

========================================================================
Received Import Request.
  Time since last request: 11.418613 seconds.
  path: Assets/Delivery Driver Assets/kisspng-electricity-computer-icons-symbol-electricity-5abd333f604e93.4710989215223488633945.png
  artifactKey: Guid(51b34875eb0fbe64994e3bd7c300eaf1) Importer(815301076,1909f56bfc062723c751e8b465ee728b)
Start importing Assets/Delivery Driver Assets/kisspng-electricity-computer-icons-symbol-electricity-5abd333f604e93.4710989215223488633945.png using Guid(51b34875eb0fbe64994e3bd7c300eaf1) Importer(815301076,1909f56bfc062723c751e8b465ee728b)  -> (artifact id: '992f115314280e2fec780faa9528319b') in 0.007997 seconds
  Import took 0.028158 seconds .

========================================================================
Received Import Request.
  Time since last request: 76.415066 seconds.
  path: ProjectSettings/TagManager.asset
  artifactKey: Guid(00000000000000003000000000000000) Importer(815301076,1909f56bfc062723c751e8b465ee728b)
Start importing ProjectSettings/TagManager.asset using Guid(00000000000000003000000000000000) Importer(815301076,1909f56bfc062723c751e8b465ee728b)  -> (artifact id: 'eb217a429ce1b42bcab572852de55b6e') in 0.005359 seconds
  Import took 0.008281 seconds .

========================================================================
Received Import Request.
  Time since last request: 0.001452 seconds.
  path: ProjectSettings/TagManager.asset
  artifactKey: Guid(00000000000000003000000000000000) Importer(815301076,1909f56bfc062723c751e8b465ee728b)
Start importing ProjectSettings/TagManager.asset using Guid(00000000000000003000000000000000) Importer(815301076,1909f56bfc062723c751e8b465ee728b)  -> (artifact id: 'eb217a429ce1b42bcab572852de55b6e') in 0.001705 seconds
  Import took 0.003958 seconds .

========================================================================
Received Import Request.
  Time since last request: 60.765023 seconds.
  path: Assets/scripts/Delivery.cs
  artifactKey: Guid(9af725a9c26c9ca45a990ed8362a100d) Importer(815301076,1909f56bfc062723c751e8b465ee728b)
Start importing Assets/scripts/Delivery.cs using Guid(9af725a9c26c9ca45a990ed8362a100d) Importer(815301076,1909f56bfc062723c751e8b465ee728b)  -> (artifact id: '0b68dda5be31ed89c1362708bc3d4d6a') in 0.004775 seconds
  Import took 0.347906 seconds .

========================================================================
Received Prepare
Registering precompiled user dll's ...
Registered in 0.000679 seconds.
Begin MonoManager ReloadAssembly
Native extension for WindowsStandalone target not found
Refreshing native plugins compatible for Editor in 0.31 ms, found 1 plugins.
Preloading 0 native plugins for Editor in 0.00 ms.
Invoked RoslynAnalysisRunner static constructor.
RoslynAnalysisRunner will not be running.
RoslynAnalysisRunner has terminated.
Mono: successfully reloaded assembly
- Completed reload, in  0.695 seconds
Platform modules already initialized, skipping
Refreshing native plugins compatible for Editor in 0.31 ms, found 1 plugins.
Preloading 0 native plugins for Editor in 0.00 ms.
Unloading 1804 Unused Serialized files (Serialized files now loaded: 0)
System memory in use before: 88.2 MB.
System memory in use after: 88.2 MB.

Unloading 14 unused Assets to reduce memory usage. Loaded Objects now: 2350.
Total: 1.768900 ms (FindLiveObjects: 0.159100 ms CreateObjectMapping: 0.061000 ms MarkObjects: 1.465100 ms  DeleteObjects: 0.082900 ms)

========================================================================
Received Import Request.
  Time since last request: 784.126377 seconds.
  path: Assets/scripts/Car.cs
  artifactKey: Guid(72b43516202305a4291bf533660ea1d8) Importer(815301076,1909f56bfc062723c751e8b465ee728b)
Start importing Assets/scripts/Car.cs using Guid(72b43516202305a4291bf533660ea1d8) Importer(815301076,1909f56bfc062723c751e8b465ee728b)  -> (artifact id: '4103019d99e9a505dd6e1d9f8fab08a7') in 0.006126 seconds
  Import took 0.109205 seconds .

========================================================================
Received Import Request.
  Time since last request: 24.446342 seconds.
  path: Assets/Boost.prefab
  artifactKey: Guid(1ab0f053ba6853849996cd0a07795fd0) Importer(815301076,1909f56bfc062723c751e8b465ee728b)
Start importing Assets/Boost.prefab using Guid(1ab0f053ba6853849996cd0a07795fd0) Importer(815301076,1909f56bfc062723c751e8b465ee728b)  -> (artifact id: '2f536639f67acbac23a9e0a9bc02b374') in 0.053879 seconds
  Import took 0.095233 seconds .

========================================================================
Received Import Request.
  Time since last request: 0.001956 seconds.
  path: Assets/Boost.prefab
  artifactKey: Guid(1ab0f053ba6853849996cd0a07795fd0) Importer(815301076,1909f56bfc062723c751e8b465ee728b)
Start importing Assets/Boost.prefab using Guid(1ab0f053ba6853849996cd0a07795fd0) Importer(815301076,1909f56bfc062723c751e8b465ee728b)  -> (artifact id: '2f536639f67acbac23a9e0a9bc02b374') in 0.006924 seconds
  Import took 0.009582 seconds .

========================================================================
Received Import Request.
  Time since last request: 2.210655 seconds.
  path: Assets/Costumer.prefab
  artifactKey: Guid(fb531ca9b2c77dd43aab02ee198807bc) Importer(815301076,1909f56bfc062723c751e8b465ee728b)
Start importing Assets/Costumer.prefab using Guid(fb531ca9b2c77dd43aab02ee198807bc) Importer(815301076,1909f56bfc062723c751e8b465ee728b)  -> (artifact id: '2ed5c0372926455d58de2dbcb12569fa') in 0.022972 seconds
  Import took 0.025688 seconds .

========================================================================
Received Import Request.
  Time since last request: 2.450052 seconds.
  path: Assets/Package.prefab
  artifactKey: Guid(72b34bb1861bc714391fe533d9b2e921) Importer(815301076,1909f56bfc062723c751e8b465ee728b)
Start importing Assets/Package.prefab using Guid(72b34bb1861bc714391fe533d9b2e921) Importer(815301076,1909f56bfc062723c751e8b465ee728b)  -> (artifact id: '96b562f04f35ff81391807debbf0cb5b') in 0.031287 seconds
  Import took 0.050630 seconds .

========================================================================
Received Import Request.
  Time since last request: 1.889390 seconds.
  path: Assets/Car.prefab
  artifactKey: Guid(dfc8c832c59d96d41a7158cb94635b1f) Importer(815301076,1909f56bfc062723c751e8b465ee728b)
Start importing Assets/Car.prefab using Guid(dfc8c832c59d96d41a7158cb94635b1f) Importer(815301076,1909f56bfc062723c751e8b465ee728b)  -> (artifact id: '9c3132361e1214becbbc3a93cbebb37d') in 0.044119 seconds
  Import took 0.084463 seconds .

========================================================================
Received Import Request.
  Time since last request: 0.011036 seconds.
  path: Assets/Car.prefab
  artifactKey: Guid(dfc8c832c59d96d41a7158cb94635b1f) Importer(815301076,1909f56bfc062723c751e8b465ee728b)
Start importing Assets/Car.prefab using Guid(dfc8c832c59d96d41a7158cb94635b1f) Importer(815301076,1909f56bfc062723c751e8b465ee728b)  -> (artifact id: '9c3132361e1214becbbc3a93cbebb37d') in 0.009250 seconds
  Import took 0.011995 seconds .

========================================================================
Received Prepare
Registering precompiled user dll's ...
Registered in 0.000794 seconds.
Begin MonoManager ReloadAssembly
Native extension for WindowsStandalone target not found
Refreshing native plugins compatible for Editor in 0.52 ms, found 1 plugins.
Preloading 0 native plugins for Editor in 0.00 ms.
Invoked RoslynAnalysisRunner static constructor.
RoslynAnalysisRunner will not be running.
RoslynAnalysisRunner has terminated.
Mono: successfully reloaded assembly
- Completed reload, in  0.705 seconds
Platform modules already initialized, skipping
Refreshing native plugins compatible for Editor in 0.34 ms, found 1 plugins.
Preloading 0 native plugins for Editor in 0.00 ms.
Unloading 1804 Unused Serialized files (Serialized files now loaded: 0)
System memory in use before: 88.3 MB.
System memory in use after: 88.3 MB.

Unloading 12 unused Assets to reduce memory usage. Loaded Objects now: 2358.
Total: 1.777400 ms (FindLiveObjects: 0.195000 ms CreateObjectMapping: 0.065800 ms MarkObjects: 1.418800 ms  DeleteObjects: 0.096600 ms)

========================================================================
Received Import Request.
  Time since last request: 555.498939 seconds.
  path: Assets/Boost.prefab
  artifactKey: Guid(1ab0f053ba6853849996cd0a07795fd0) Importer(815301076,1909f56bfc062723c751e8b465ee728b)
Start importing Assets/Boost.prefab using Guid(1ab0f053ba6853849996cd0a07795fd0) Importer(815301076,1909f56bfc062723c751e8b465ee728b)  -> (artifact id: 'c4801a5a2f18cbc7ddabb14a8a692e6d') in 0.049673 seconds
  Import took 0.052816 seconds .

========================================================================
Received Prepare
Registering precompiled user dll's ...
Registered in 0.026691 seconds.
Begin MonoManager ReloadAssembly
Native extension for WindowsStandalone target not found
Refreshing native plugins compatible for Editor in 0.32 ms, found 1 plugins.
Preloading 0 native plugins for Editor in 0.00 ms.
Invoked RoslynAnalysisRunner static constructor.
RoslynAnalysisRunner will not be running.
RoslynAnalysisRunner has terminated.
Mono: successfully reloaded assembly
- Completed reload, in  0.716 seconds
Platform modules already initialized, skipping
Refreshing native plugins compatible for Editor in 0.31 ms, found 1 plugins.
Preloading 0 native plugins for Editor in 0.00 ms.
Unloading 1804 Unused Serialized files (Serialized files now loaded: 0)
System memory in use before: 88.3 MB.
System memory in use after: 88.3 MB.

Unloading 12 unused Assets to reduce memory usage. Loaded Objects now: 2363.
Total: 2.135100 ms (FindLiveObjects: 0.250000 ms CreateObjectMapping: 0.105100 ms MarkObjects: 1.649600 ms  DeleteObjects: 0.129100 ms)

========================================================================
Received Prepare
Registering precompiled user dll's ...
Registered in 0.000622 seconds.
Begin MonoManager ReloadAssembly
Native extension for WindowsStandalone target not found
Refreshing native plugins compatible for Editor in 0.32 ms, found 1 plugins.
Preloading 0 native plugins for Editor in 0.00 ms.
Invoked RoslynAnalysisRunner static constructor.
RoslynAnalysisRunner will not be running.
RoslynAnalysisRunner has terminated.
Mono: successfully reloaded assembly
- Completed reload, in  0.701 seconds
Platform modules already initialized, skipping
Refreshing native plugins compatible for Editor in 0.31 ms, found 1 plugins.
Preloading 0 native plugins for Editor in 0.00 ms.
Unloading 1804 Unused Serialized files (Serialized files now loaded: 0)
System memory in use before: 88.3 MB.
System memory in use after: 88.3 MB.

Unloading 12 unused Assets to reduce memory usage. Loaded Objects now: 2367.
Total: 2.009900 ms (FindLiveObjects: 0.208700 ms CreateObjectMapping: 0.072600 ms MarkObjects: 1.645200 ms  DeleteObjects: 0.082600 ms)

========================================================================
Received Prepare
Registering precompiled user dll's ...
Registered in 0.000612 seconds.
Begin MonoManager ReloadAssembly
Native extension for WindowsStandalone target not found
Refreshing native plugins compatible for Editor in 0.30 ms, found 1 plugins.
Preloading 0 native plugins for Editor in 0.00 ms.
Invoked RoslynAnalysisRunner static constructor.
RoslynAnalysisRunner will not be running.
RoslynAnalysisRunner has terminated.
Mono: successfully reloaded assembly
- Completed reload, in  0.721 seconds
Platform modules already initialized, skipping
Refreshing native plugins compatible for Editor in 0.33 ms, found 1 plugins.
Preloading 0 native plugins for Editor in 0.00 ms.
Unloading 1804 Unused Serialized files (Serialized files now loaded: 0)
System memory in use before: 88.3 MB.
System memory in use after: 88.3 MB.

Unloading 12 unused Assets to reduce memory usage. Loaded Objects now: 2371.
Total: 2.248600 ms (FindLiveObjects: 0.364700 ms CreateObjectMapping: 0.130000 ms MarkObjects: 1.647900 ms  DeleteObjects: 0.105300 ms)

========================================================================
Received Prepare
Registering precompiled user dll's ...
Registered in 0.000515 seconds.
Begin MonoManager ReloadAssembly
Native extension for WindowsStandalone target not found
Refreshing native plugins compatible for Editor in 0.31 ms, found 1 plugins.
Preloading 0 native plugins for Editor in 0.00 ms.
Invoked RoslynAnalysisRunner static constructor.
RoslynAnalysisRunner will not be running.
RoslynAnalysisRunner has terminated.
Mono: successfully reloaded assembly
- Completed reload, in  0.648 seconds
Platform modules already initialized, skipping
Refreshing native plugins compatible for Editor in 0.31 ms, found 1 plugins.
Preloading 0 native plugins for Editor in 0.00 ms.
Unloading 1804 Unused Serialized files (Serialized files now loaded: 0)
System memory in use before: 88.3 MB.
System memory in use after: 88.3 MB.

Unloading 12 unused Assets to reduce memory usage. Loaded Objects now: 2375.
Total: 1.930700 ms (FindLiveObjects: 0.169200 ms CreateObjectMapping: 0.061300 ms MarkObjects: 1.616500 ms  DeleteObjects: 0.083000 ms)

AssetImportWorkerClient::OnTransportError - code=2 error=End of file
