Using pre-set license
Built from '2020.2/staging' branch; Version is '2020.2.7f1 (c53830e277f1) revision 12924976'; Using compiler version '192528614'; Build Type 'Release'
OS: 'Windows 10 Home; OS build 19045.3208; Version 2009; 64bit' Language: 'en' Physical Memory: 8030 MB
BatchMode: 1, IsHumanControllingUs: 0, StartBugReporterOnCrash: 0, Is64bit: 1, IsPro: 0

 COMMAND LINE ARGUMENTS:
C:\Program Files\Unity\Editor\Unity.exe
-adb2
-batchMode
-noUpm
-name
AssetImportWorker0
-projectPath
D:/project/unity/Laser
-logFile
Logs/AssetImportWorker0.log
-srvPort
1039
Successfully changed project path to: D:/project/unity/Laser
D:/project/unity/Laser
Using Asset Import Pipeline V2.
Refreshing native plugins compatible for Editor in 54.35 ms, found 1 plugins.
Preloading 0 native plugins for Editor in 0.00 ms.
Initialize engine version: 2020.2.7f1 (c53830e277f1)
[Subsystems] Discovering subsystems at path C:/Program Files/Unity/Editor/Data/Resources/UnitySubsystems
[Subsystems] Discovering subsystems at path D:/project/unity/Laser/Assets
GfxDevice: creating device client; threaded=0
Direct3D:
    Version:  Direct3D 11.0 [level 11.1]
    Renderer: NVIDIA GeForce GTX 1660 Ti (ID=0x2191)
    Vendor:   
    VRAM:     5991 MB
    Driver:   31.0.15.1640
Initialize mono
Mono path[0] = 'C:/Program Files/Unity/Editor/Data/Managed'
Mono path[1] = 'C:/Program Files/Unity/Editor/Data/MonoBleedingEdge/lib/mono/unityjit'
Mono config path = 'C:/Program Files/Unity/Editor/Data/MonoBleedingEdge/etc'
Using monoOptions --debugger-agent=transport=dt_socket,embedding=1,server=y,suspend=n,address=127.0.0.1:56680
Begin MonoManager ReloadAssembly
Registering precompiled unity dll's ...
Register platform support module: C:/Program Files/Unity/Editor/Data/PlaybackEngines/WindowsStandaloneSupport/UnityEditor.WindowsStandalone.Extensions.dll
Registered in 0.003520 seconds.
Native extension for WindowsStandalone target not found
Refreshing native plugins compatible for Editor in 50.53 ms, found 1 plugins.
Preloading 0 native plugins for Editor in 0.00 ms.
Invoked RoslynAnalysisRunner static constructor.
RoslynAnalysisRunner will not be running.
RoslynAnalysisRunner has terminated.
Mono: successfully reloaded assembly
- Completed reload, in  1.445 seconds
Platform modules already initialized, skipping
Registering precompiled user dll's ...
Registered in 0.000912 seconds.
Begin MonoManager ReloadAssembly
Native extension for WindowsStandalone target not found
Refreshing native plugins compatible for Editor in 52.33 ms, found 1 plugins.
Preloading 0 native plugins for Editor in 0.00 ms.
Invoked RoslynAnalysisRunner static constructor.
RoslynAnalysisRunner will not be running.
RoslynAnalysisRunner has terminated.
Mono: successfully reloaded assembly
- Completed reload, in  1.223 seconds
Platform modules already initialized, skipping
========================================================================
Worker process is ready to serve import requests
Launched and connected shader compiler UnityShaderCompiler.exe after 0.07 seconds
Refreshing native plugins compatible for Editor in 0.92 ms, found 1 plugins.
Preloading 0 native plugins for Editor in 0.00 ms.
Unloading 2104 Unused Serialized files (Serialized files now loaded: 0)
System memory in use before: 95.3 MB.
System memory in use after: 95.3 MB.

Unloading 26 unused Assets to reduce memory usage. Loaded Objects now: 2548.
Total: 3.910000 ms (FindLiveObjects: 0.518100 ms CreateObjectMapping: 0.214000 ms MarkObjects: 3.012100 ms  DeleteObjects: 0.164000 ms)

========================================================================
Received Import Request.
  path: Assets/Scripts/wave.cs
  artifactKey: Guid(3083cdc0b13d21f41a30abf74b6840bf) Importer(815301076,1909f56bfc062723c751e8b465ee728b)
Start importing Assets/Scripts/wave.cs using Guid(3083cdc0b13d21f41a30abf74b6840bf) Importer(815301076,1909f56bfc062723c751e8b465ee728b)  -> (artifact id: '687a2aa984321deb1ca8b450ef2e3d8f') in 0.047716 seconds
  Import took 0.065164 seconds .

========================================================================
Received Prepare
Registering precompiled user dll's ...
Registered in 0.000870 seconds.
Begin MonoManager ReloadAssembly
Native extension for WindowsStandalone target not found
Refreshing native plugins compatible for Editor in 0.46 ms, found 1 plugins.
Preloading 0 native plugins for Editor in 0.00 ms.
Invoked RoslynAnalysisRunner static constructor.
RoslynAnalysisRunner will not be running.
RoslynAnalysisRunner has terminated.
Mono: successfully reloaded assembly
- Completed reload, in  1.142 seconds
Platform modules already initialized, skipping
Refreshing native plugins compatible for Editor in 0.49 ms, found 1 plugins.
Preloading 0 native plugins for Editor in 0.00 ms.
Unloading 2099 Unused Serialized files (Serialized files now loaded: 0)
System memory in use before: 95.4 MB.
System memory in use after: 95.4 MB.

Unloading 12 unused Assets to reduce memory usage. Loaded Objects now: 2552.
Total: 3.396800 ms (FindLiveObjects: 0.634300 ms CreateObjectMapping: 0.161600 ms MarkObjects: 2.463000 ms  DeleteObjects: 0.135700 ms)

========================================================================
Received Import Request.
  Time since last request: 203.829599 seconds.
  path: Assets/Prefab
  artifactKey: Guid(8cb2bc3093441ba438b1798583110702) Importer(815301076,1909f56bfc062723c751e8b465ee728b)
Start importing Assets/Prefab using Guid(8cb2bc3093441ba438b1798583110702) Importer(815301076,1909f56bfc062723c751e8b465ee728b)  -> (artifact id: '7f70583858599ebd84237e1590c52b2f') in 0.019505 seconds
  Import took 0.035723 seconds .

========================================================================
Received Import Request.
  Time since last request: 4.187081 seconds.
  path: Assets/Prefab/Wave (0).prefab
  artifactKey: Guid(a1ca3326a82945e4a9492433327f5414) Importer(815301076,1909f56bfc062723c751e8b465ee728b)
Start importing Assets/Prefab/Wave (0).prefab using Guid(a1ca3326a82945e4a9492433327f5414) Importer(815301076,1909f56bfc062723c751e8b465ee728b)  -> (artifact id: '105c6e980aa423376c6e9c821fd950e1') in 0.049701 seconds
  Import took 0.146503 seconds .

========================================================================
Received Prepare
Registering precompiled user dll's ...
Registered in 0.001436 seconds.
Begin MonoManager ReloadAssembly
Native extension for WindowsStandalone target not found
Refreshing native plugins compatible for Editor in 0.52 ms, found 1 plugins.
Preloading 0 native plugins for Editor in 0.00 ms.
Invoked RoslynAnalysisRunner static constructor.
RoslynAnalysisRunner will not be running.
RoslynAnalysisRunner has terminated.
Mono: successfully reloaded assembly
- Completed reload, in  1.205 seconds
Platform modules already initialized, skipping
Refreshing native plugins compatible for Editor in 0.53 ms, found 1 plugins.
Preloading 0 native plugins for Editor in 0.00 ms.
Unloading 2099 Unused Serialized files (Serialized files now loaded: 0)
System memory in use before: 95.5 MB.
System memory in use after: 95.5 MB.

Unloading 12 unused Assets to reduce memory usage. Loaded Objects now: 2556.
Total: 3.359100 ms (FindLiveObjects: 0.388900 ms CreateObjectMapping: 0.188000 ms MarkObjects: 2.555200 ms  DeleteObjects: 0.225400 ms)

========================================================================
Received Import Request.
  Time since last request: 1725.473250 seconds.
  path: Assets/Scripts/wave.cs
  artifactKey: Guid(3083cdc0b13d21f41a30abf74b6840bf) Importer(815301076,1909f56bfc062723c751e8b465ee728b)
Start importing Assets/Scripts/wave.cs using Guid(3083cdc0b13d21f41a30abf74b6840bf) Importer(815301076,1909f56bfc062723c751e8b465ee728b)  -> (artifact id: '3a5404ac7c4a0773ed0c2606fe274809') in 0.006494 seconds
  Import took 0.112045 seconds .

AssetImportWorkerClient::OnTransportError - code=2 error=End of file
